Log file open, 01/23/17 15:30:49
LogInit:Display: Running engine for game: MyProject
LogPlatformFile: Not using cached read wrapper
LogInit:Display: RandInit(-598604111) SRandInit(-598604111).
LogTaskGraph: Started task graph with 5 named threads and 8 total threads with 1 sets of task threads.
LogStats: Stats thread started at 0.069068
LogPluginManager: Loaded Plugin Paper2D, From C:/Program Files (x86)/Epic Games/4.13/Engine/Plugins/2D/Paper2D/Paper2D.uplugin
LogPluginManager: Loaded Plugin LightPropagationVolume, From C:/Program Files (x86)/Epic Games/4.13/Engine/Plugins/Blendables/LightPropagationVolume/LightPropagationVolume.uplugin
LogPluginManager: Loaded Plugin BlankPlugin, From C:/Program Files (x86)/Epic Games/4.13/Engine/Plugins/Developer/BlankPlugin/BlankPlugin.uplugin
LogPluginManager: Loaded Plugin CodeLiteSourceCodeAccess, From C:/Program Files (x86)/Epic Games/4.13/Engine/Plugins/Developer/CodeLiteSourceCodeAccess/CodeLiteSourceCodeAccess.uplugin
LogPluginManager: Loaded Plugin GitSourceControl, From C:/Program Files (x86)/Epic Games/4.13/Engine/Plugins/Developer/GitSourceControl/GitSourceControl.uplugin
LogPluginManager: Loaded Plugin KDevelopSourceCodeAccess, From C:/Program Files (x86)/Epic Games/4.13/Engine/Plugins/Developer/KDevelopSourceCodeAccess/KDevelopSourceCodeAccess.uplugin
LogPluginManager: Loaded Plugin NullSourceCodeAccess, From C:/Program Files (x86)/Epic Games/4.13/Engine/Plugins/Developer/NullSourceCodeAccess/NullSourceCodeAccess.uplugin
LogPluginManager: Loaded Plugin OneSkyLocalizationService, From C:/Program Files (x86)/Epic Games/4.13/Engine/Plugins/Developer/OneSkyLocalizationService/OneSkyLocalizationService.uplugin
LogPluginManager: Loaded Plugin PerforceSourceControl, From C:/Program Files (x86)/Epic Games/4.13/Engine/Plugins/Developer/PerforceSourceControl/PerforceSourceControl.uplugin
LogPluginManager: Loaded Plugin SubversionSourceControl, From C:/Program Files (x86)/Epic Games/4.13/Engine/Plugins/Developer/SubversionSourceControl/SubversionSourceControl.uplugin
LogPluginManager: Loaded Plugin UObjectPlugin, From C:/Program Files (x86)/Epic Games/4.13/Engine/Plugins/Developer/UObjectPlugin/UObjectPlugin.uplugin
LogPluginManager: Loaded Plugin VisualStudioSourceCodeAccess, From C:/Program Files (x86)/Epic Games/4.13/Engine/Plugins/Developer/VisualStudioSourceCodeAccess/VisualStudioSourceCodeAccess.uplugin
LogPluginManager: Loaded Plugin XCodeSourceCodeAccess, From C:/Program Files (x86)/Epic Games/4.13/Engine/Plugins/Developer/XCodeSourceCodeAccess/XCodeSourceCodeAccess.uplugin
LogPluginManager: Loaded Plugin EpicSurvey, From C:/Program Files (x86)/Epic Games/4.13/Engine/Plugins/Editor/EpicSurvey/EpicSurvey.uplugin
LogPluginManager: Loaded Plugin MacGraphicsSwitching, From C:/Program Files (x86)/Epic Games/4.13/Engine/Plugins/Editor/MacGraphicsSwitching/MacGraphicsSwitching.uplugin
LogPluginManager: Loaded Plugin MobileLauncherProfileWizard, From C:/Program Files (x86)/Epic Games/4.13/Engine/Plugins/Editor/MobileLauncherProfileWizard/MobileLauncherProfileWizard.uplugin
LogPluginManager: Loaded Plugin PluginBrowser, From C:/Program Files (x86)/Epic Games/4.13/Engine/Plugins/Editor/PluginBrowser/PluginBrowser.uplugin
LogPluginManager: Loaded Plugin SpeedTreeImporter, From C:/Program Files (x86)/Epic Games/4.13/Engine/Plugins/Editor/SpeedTreeImporter/SpeedTreeImporter.uplugin
LogPluginManager: Loaded Plugin SuperSearchEditor, From C:/Program Files (x86)/Epic Games/4.13/Engine/Plugins/Editor/SuperSearchEditor/SuperSearchEditor.uplugin
LogPluginManager: Loaded Plugin AlembicImporter, From C:/Program Files (x86)/Epic Games/4.13/Engine/Plugins/Experimental/AlembicImporter/AlembicImporter.uplugin
LogPluginManager: Loaded Plugin BlueprintStats, From C:/Program Files (x86)/Epic Games/4.13/Engine/Plugins/Experimental/BlueprintStats/BlueprintStats.uplugin
LogPluginManager: Loaded Plugin CharacterAI, From C:/Program Files (x86)/Epic Games/4.13/Engine/Plugins/Experimental/CharacterAI/CharacterAI.uplugin
LogPluginManager: Loaded Plugin CodeEditor, From C:/Program Files (x86)/Epic Games/4.13/Engine/Plugins/Experimental/CodeEditor/CodeEditor.uplugin
LogPluginManager: Loaded Plugin CodeView, From C:/Program Files (x86)/Epic Games/4.13/Engine/Plugins/Experimental/CodeView/CodeView.uplugin
LogPluginManager: Loaded Plugin HTML5Networking, From C:/Program Files (x86)/Epic Games/4.13/Engine/Plugins/Experimental/HTML5Networking/HTML5Networking.uplugin
LogPluginManager: Loaded Plugin LiveEditor, From C:/Program Files (x86)/Epic Games/4.13/Engine/Plugins/Experimental/LiveEditor/LiveEditor.uplugin
LogPluginManager: Loaded Plugin OSVR, From C:/Program Files (x86)/Epic Games/4.13/Engine/Plugins/Experimental/OSVR/OSVR.uplugin
LogPluginManager: Loaded Plugin Phya, From C:/Program Files (x86)/Epic Games/4.13/Engine/Plugins/Experimental/Phya/Phya.uplugin
LogPluginManager: Loaded Plugin SignificanceManager, From C:/Program Files (x86)/Epic Games/4.13/Engine/Plugins/Experimental/SignificanceManager/SignificanceManager.uplugin
LogPluginManager: Loaded Plugin SimpleHMD, From C:/Program Files (x86)/Epic Games/4.13/Engine/Plugins/Experimental/SimpleHMD/SimpleHMD.uplugin
LogPluginManager: Loaded Plugin StereoPanorama, From C:/Program Files (x86)/Epic Games/4.13/Engine/Plugins/Experimental/StereoPanorama/StereoPanorama.uplugin
LogPluginManager: Loaded Plugin StructBox, From C:/Program Files (x86)/Epic Games/4.13/Engine/Plugins/Experimental/StructBox/StructBox.uplugin
LogPluginManager: Loaded Plugin AndroidMedia, From C:/Program Files (x86)/Epic Games/4.13/Engine/Plugins/Media/AndroidMedia/AndroidMedia.uplugin
LogPluginManager: Loaded Plugin AvfMedia, From C:/Program Files (x86)/Epic Games/4.13/Engine/Plugins/Media/AvfMedia/AvfMedia.uplugin
LogPluginManager: Loaded Plugin MediaPlayerEditor, From C:/Program Files (x86)/Epic Games/4.13/Engine/Plugins/Media/MediaPlayerEditor/MediaPlayerEditor.uplugin
LogPluginManager: Loaded Plugin WmfMedia, From C:/Program Files (x86)/Epic Games/4.13/Engine/Plugins/Media/WmfMedia/WmfMedia.uplugin
LogPluginManager: Loaded Plugin MessagingDebugger, From C:/Program Files (x86)/Epic Games/4.13/Engine/Plugins/Messaging/MessagingDebugger/MessagingDebugger.uplugin
LogPluginManager: Loaded Plugin TcpMessaging, From C:/Program Files (x86)/Epic Games/4.13/Engine/Plugins/Messaging/TcpMessaging/TcpMessaging.uplugin
LogPluginManager: Loaded Plugin UdpMessaging, From C:/Program Files (x86)/Epic Games/4.13/Engine/Plugins/Messaging/UdpMessaging/UdpMessaging.uplugin
LogPluginManager: Loaded Plugin LevelSequenceEditor, From C:/Program Files (x86)/Epic Games/4.13/Engine/Plugins/MovieScene/LevelSequenceEditor/LevelSequenceEditor.uplugin
LogPluginManager: Loaded Plugin MatineeToLevelSequence, From C:/Program Files (x86)/Epic Games/4.13/Engine/Plugins/MovieScene/MatineeToLevelSequence/MatineeToLevelSequence.uplugin
LogPluginManager: Loaded Plugin NetcodeUnitTest, From C:/Program Files (x86)/Epic Games/4.13/Engine/Plugins/NetcodeUnitTest/NetcodeUnitTest/NetcodeUnitTest.uplugin
LogPluginManager: Loaded Plugin NUTUnrealEngine4, From C:/Program Files (x86)/Epic Games/4.13/Engine/Plugins/NetcodeUnitTest/NUTUnrealEngine4/NUTUnrealEngine4.uplugin
LogPluginManager: Loaded Plugin OnlineSubsystemGooglePlay, From C:/Program Files (x86)/Epic Games/4.13/Engine/Plugins/Online/Android/OnlineSubsystemGooglePlay/OnlineSubsystemGooglePlay.uplugin
LogPluginManager: Loaded Plugin OnlineSubsystemIOS, From C:/Program Files (x86)/Epic Games/4.13/Engine/Plugins/Online/IOS/OnlineSubsystemIOS/OnlineSubsystemIOS.uplugin
LogPluginManager: Loaded Plugin OnlineFramework, From C:/Program Files (x86)/Epic Games/4.13/Engine/Plugins/Online/OnlineFramework/OnlineFramework.uplugin
LogPluginManager: Loaded Plugin OnlineSubsystem, From C:/Program Files (x86)/Epic Games/4.13/Engine/Plugins/Online/OnlineSubsystem/OnlineSubsystem.uplugin
LogPluginManager: Loaded Plugin OnlineSubsystemAmazon, From C:/Program Files (x86)/Epic Games/4.13/Engine/Plugins/Online/OnlineSubsystemAmazon/OnlineSubsystemAmazon.uplugin
LogPluginManager: Loaded Plugin OnlineSubsystemFacebook, From C:/Program Files (x86)/Epic Games/4.13/Engine/Plugins/Online/OnlineSubsystemFacebook/OnlineSubsystemFacebook.uplugin
LogPluginManager: Loaded Plugin OnlineSubsystemNull, From C:/Program Files (x86)/Epic Games/4.13/Engine/Plugins/Online/OnlineSubsystemNull/OnlineSubsystemNull.uplugin
LogPluginManager: Loaded Plugin OnlineSubsystemOculus, From C:/Program Files (x86)/Epic Games/4.13/Engine/Plugins/Online/OnlineSubsystemOculus/OnlineSubsystemOculus.uplugin
LogPluginManager: Loaded Plugin OnlineSubsystemSteam, From C:/Program Files (x86)/Epic Games/4.13/Engine/Plugins/Online/OnlineSubsystemSteam/OnlineSubsystemSteam.uplugin
LogPluginManager: Loaded Plugin OnlineSubsystemUtils, From C:/Program Files (x86)/Epic Games/4.13/Engine/Plugins/Online/OnlineSubsystemUtils/OnlineSubsystemUtils.uplugin
LogPluginManager: Loaded Plugin IOSTapJoy, From C:/Program Files (x86)/Epic Games/4.13/Engine/Plugins/Runtime/Advertising/IOSTapJoy/IOSTapJoy.uplugin
LogPluginManager: Loaded Plugin AnalyticsBlueprintLibrary, From C:/Program Files (x86)/Epic Games/4.13/Engine/Plugins/Runtime/Analytics/AnalyticsBlueprintLibrary/AnalyticsBlueprintLibrary.uplugin
LogPluginManager: Loaded Plugin AnalyticsMulticast, From C:/Program Files (x86)/Epic Games/4.13/Engine/Plugins/Runtime/Analytics/AnalyticsMulticast/AnalyticsMulticast.uplugin
LogPluginManager: Loaded Plugin Apsalar, From C:/Program Files (x86)/Epic Games/4.13/Engine/Plugins/Runtime/Analytics/Apsalar/Apsalar.uplugin
LogPluginManager: Loaded Plugin FileLogging, From C:/Program Files (x86)/Epic Games/4.13/Engine/Plugins/Runtime/Analytics/FileLogging/FileLogging.uplugin
LogPluginManager: Loaded Plugin Flurry, From C:/Program Files (x86)/Epic Games/4.13/Engine/Plugins/Runtime/Analytics/Flurry/Flurry.uplugin
LogPluginManager: Loaded Plugin AndroidDeviceProfileSelector, From C:/Program Files (x86)/Epic Games/4.13/Engine/Plugins/Runtime/AndroidDeviceProfileSelector/AndroidDeviceProfileSelector.uplugin
LogPluginManager: Loaded Plugin AndroidMoviePlayer, From C:/Program Files (x86)/Epic Games/4.13/Engine/Plugins/Runtime/AndroidMoviePlayer/AndroidMoviePlayer.uplugin
LogPluginManager: Loaded Plugin AppleMoviePlayer, From C:/Program Files (x86)/Epic Games/4.13/Engine/Plugins/Runtime/AppleMoviePlayer/AppleMoviePlayer.uplugin
LogPluginManager: Loaded Plugin ArchVisCharacter, From C:/Program Files (x86)/Epic Games/4.13/Engine/Plugins/Runtime/ArchVisCharacter/ArchVisCharacter.uplugin
LogPluginManager: Loaded Plugin CableComponent, From C:/Program Files (x86)/Epic Games/4.13/Engine/Plugins/Runtime/CableComponent/CableComponent.uplugin
LogPluginManager: Loaded Plugin CustomMeshComponent, From C:/Program Files (x86)/Epic Games/4.13/Engine/Plugins/Runtime/CustomMeshComponent/CustomMeshComponent.uplugin
LogPluginManager: Loaded Plugin ExampleDeviceProfileSelector, From C:/Program Files (x86)/Epic Games/4.13/Engine/Plugins/Runtime/ExampleDeviceProfileSelector/ExampleDeviceProfileSelector.uplugin
LogPluginManager: Loaded Plugin GearVR, From C:/Program Files (x86)/Epic Games/4.13/Engine/Plugins/Runtime/GearVR/GearVR.uplugin
LogPluginManager: Loaded Plugin GoogleVRController, From C:/Program Files (x86)/Epic Games/4.13/Engine/Plugins/Runtime/GoogleVR/GoogleVRController/GoogleVRController.uplugin
LogPluginManager: Loaded Plugin GoogleVRHMD, From C:/Program Files (x86)/Epic Games/4.13/Engine/Plugins/Runtime/GoogleVR/GoogleVRHMD/GoogleVRHMD.uplugin
LogPluginManager: Loaded Plugin IOSDeviceProfileSelector, From C:/Program Files (x86)/Epic Games/4.13/Engine/Plugins/Runtime/IOSDeviceProfileSelector/IOSDeviceProfileSelector.uplugin
LogPluginManager: Loaded Plugin LeapMotion, From C:/Program Files (x86)/Epic Games/4.13/Engine/Plugins/Runtime/LeapMotion/LeapMotion.uplugin
LogPluginManager: Loaded Plugin LinuxDeviceProfileSelector, From C:/Program Files (x86)/Epic Games/4.13/Engine/Plugins/Runtime/LinuxDeviceProfileSelector/LinuxDeviceProfileSelector.uplugin
LogPluginManager: Loaded Plugin LiveEditorListenServer, From C:/Program Files (x86)/Epic Games/4.13/Engine/Plugins/Runtime/LiveEditorListenServer/LiveEditorListenServer.uplugin
LogPluginManager: Loaded Plugin OculusAudio, From C:/Program Files (x86)/Epic Games/4.13/Engine/Plugins/Runtime/OculusAudio/OculusAudio.uplugin
LogPluginManager: Loaded Plugin OculusInput, From C:/Program Files (x86)/Epic Games/4.13/Engine/Plugins/Runtime/OculusInput/OculusInput.uplugin
LogPluginManager: Loaded Plugin OculusLibrary, From C:/Program Files (x86)/Epic Games/4.13/Engine/Plugins/Runtime/OculusLibrary/OculusLibrary.uplugin
LogPluginManager: Loaded Plugin OculusRift, From C:/Program Files (x86)/Epic Games/4.13/Engine/Plugins/Runtime/OculusRift/OculusRift.uplugin
LogPluginManager: Loaded Plugin Oodle, From C:/Program Files (x86)/Epic Games/4.13/Engine/Plugins/Runtime/PacketHandlers/CompressionComponents/Oodle/Oodle.uplugin
LogPluginManager: Loaded Plugin ProceduralMeshComponent, From C:/Program Files (x86)/Epic Games/4.13/Engine/Plugins/Runtime/ProceduralMeshComponent/ProceduralMeshComponent.uplugin
LogPluginManager: Loaded Plugin SoundMod, From C:/Program Files (x86)/Epic Games/4.13/Engine/Plugins/Runtime/SoundMod/SoundMod.uplugin
LogPluginManager: Loaded Plugin SoundVisualizations, From C:/Program Files (x86)/Epic Games/4.13/Engine/Plugins/Runtime/SoundVisualizations/SoundVisualizations.uplugin
LogPluginManager: Loaded Plugin SteamController, From C:/Program Files (x86)/Epic Games/4.13/Engine/Plugins/Runtime/Steam/SteamController/SteamController.uplugin
LogPluginManager: Loaded Plugin SteamVR, From C:/Program Files (x86)/Epic Games/4.13/Engine/Plugins/Runtime/Steam/SteamVR/SteamVR.uplugin
LogPluginManager: Loaded Plugin WebBrowserWidget, From C:/Program Files (x86)/Epic Games/4.13/Engine/Plugins/Runtime/WebBrowserWidget/WebBrowserWidget.uplugin
LogPluginManager: Loaded Plugin WindowsDeviceProfileSelector, From C:/Program Files (x86)/Epic Games/4.13/Engine/Plugins/Runtime/WindowsDeviceProfileSelector/WindowsDeviceProfileSelector.uplugin
LogPluginManager: Loaded Plugin WindowsMoviePlayer, From C:/Program Files (x86)/Epic Games/4.13/Engine/Plugins/Runtime/WindowsMoviePlayer/WindowsMoviePlayer.uplugin
LogPluginManager: Loaded Plugin ScriptPlugin, From C:/Program Files (x86)/Epic Games/4.13/Engine/Plugins/ScriptPlugin/ScriptPlugin.uplugin
LogPluginManager: Loaded Plugin SlateRemote, From C:/Program Files (x86)/Epic Games/4.13/Engine/Plugins/Slate/SlateRemote/SlateRemote.uplugin
LogInit: Using libcurl 7.47.1
LogInit:  - built for x86_64-pc-win32
LogInit:  - supports SSL with WinSSL
LogInit:  - other features:
LogInit:      CURL_VERSION_SSL
LogInit:      CURL_VERSION_IPV6
LogInit:      CURL_VERSION_ASYNCHDNS
LogInit:      CURL_VERSION_LARGEFILE
LogInit:      CURL_VERSION_IDN
LogInit:  CurlRequestOptions (configurable via config and command line):
LogInit:  - bVerifyPeer = false  - Libcurl will NOT verify peer certificate
LogInit:  - bUseHttpProxy = false  - Libcurl will NOT use HTTP proxy
LogInit:  - bDontReuseConnections = false  - Libcurl will reuse connections
LogInit:  - CertBundlePath = nullptr  - Libcurl will use whatever was configured at build time.
LogInit: Build: ++UE4+Release-4.13-CL-3172292
LogInit: Engine Version: 4.13.2-3172292+++UE4+Release-4.13
LogInit: Compatible Engine Version: 4.13.0-3106830+++UE4+Release-4.13
LogInit: Net CL: 3172292
LogDevObjectVersion: Number of dev versions registered: 13
LogDevObjectVersion:   Dev-Blueprints (B0D832E4-1F89-4F0D-ACCF-7EB736FD4AA2): 5
LogDevObjectVersion:   Dev-Build (E1C64328-A22C-4D53-A36C-8E866417BD8C): 0
LogDevObjectVersion:   Dev-Core (375EC13C-06E4-48FB-B500-84F0262A717E): 1
LogDevObjectVersion:   Dev-Editor (E4B068ED-F494-42E9-A231-DA0B2E46BB41): 6
LogDevObjectVersion:   Dev-Framework (CFFC743F-43B0-4480-9391-14DF171D2073): 12
LogDevObjectVersion:   Dev-Mobile (B02B49B5-BB20-44E9-A304-32B752E40360): 0
LogDevObjectVersion:   Dev-Networking (A4E4105C-59A1-49B5-A7C5-40C4547EDFEE): 0
LogDevObjectVersion:   Dev-Online (39C831C9-5AE6-47DC-9A44-9C173E1C8E7C): 0
LogDevObjectVersion:   Dev-Physics (78F01B33-EBEA-4F98-B9B4-84EACCB95AA2): 0
LogDevObjectVersion:   Dev-Platform (6631380F-2D4D-43E0-8009-CF276956A95A): 0
LogDevObjectVersion:   Dev-Rendering (12F88B9F-8875-4AFC-A67C-D90C383ABD29): 4
LogDevObjectVersion:   Dev-Sequencer (7B5AE74C-D270-4C10-A958-57980B212A5A): 0
LogDevObjectVersion:   Dev-VR (D7296918-1DD6-4BDD-9DE2-64A83CC13884): 0
LogInit: Compiled (64-bit): Oct 24 2016 14:29:06
LogInit: Compiled with Visual C++: 19.00.23026.00
LogInit: Build Configuration: Development
LogInit: Branch Name: ++UE4+Release-4.13
LogInit: Command line:  
LogInit: Base directory: C:/Program Files (x86)/Epic Games/4.13/Engine/Binaries/Win64/
LogInit: Installed Engine Build: 1
LogInit: Presizing for max 8388607 objects, including 0 objects not considered by GC, pre-allocating 0 bytes for permanent pool.
LogInit: Object subsystem initialized
[2017.01.23-20.30.49:253][  0]LogInit: Selected Device Profile: [Windows]
[2017.01.23-20.30.49:253][  0]LogInit: Applying CVar settings loaded from the selected device profile: [Windows]
[2017.01.23-20.30.49:260][  0]LogInit: Computer: RYAN
[2017.01.23-20.30.49:260][  0]LogInit: User: RyanSobczak
[2017.01.23-20.30.49:260][  0]LogInit: CPU Page size=65536, Cores=4
[2017.01.23-20.30.49:260][  0]LogInit: High frequency timer resolution =3.417966 MHz
[2017.01.23-20.30.49:261][  0]LogMemory: Memory total: Physical=7.5GB (8GB approx)
[2017.01.23-20.30.49:261][  0]LogMemory: Platform Memory Stats for Windows
[2017.01.23-20.30.49:261][  0]LogMemory: Process Physical Memory: 253.76 MB used, 253.76 MB peak
[2017.01.23-20.30.49:261][  0]LogMemory: Process Virtual Memory: 259.60 MB used, 259.60 MB peak
[2017.01.23-20.30.49:261][  0]LogMemory: Physical Memory: 3150.68 MB used, 7629.87 MB total
[2017.01.23-20.30.49:261][  0]LogMemory: Virtual Memory: 600.32 MB used, 134217728.00 MB total
[2017.01.23-20.30.49:309][  0]LogTextLocalizationManager: No specific translations for ('en-US') exist, so ('en') translations will be used.
[2017.01.23-20.30.49:824][  0]LogD3D11RHI: D3D11 adapters:
[2017.01.23-20.30.49:840][  0]LogD3D11RHI:    0. 'NVIDIA GeForce GTX 750 Ti' (Feature Level 11_0)
[2017.01.23-20.30.49:840][  0]LogD3D11RHI:       1988/0/2048 MB DedicatedVideo/DedicatedSystem/SharedSystem, Outputs:2, VendorId:0x10de
[2017.01.23-20.30.49:846][  0]LogD3D11RHI:    1. 'Intel(R) HD Graphics 4600' (Feature Level 11_0)
[2017.01.23-20.30.49:846][  0]LogD3D11RHI:       480/0/1312 MB DedicatedVideo/DedicatedSystem/SharedSystem, Outputs:0, VendorId:0x8086
[2017.01.23-20.30.49:846][  0]LogD3D11RHI:    2. 'Microsoft Basic Render Driver' (Feature Level 11_0)
[2017.01.23-20.30.49:847][  0]LogD3D11RHI:       0/0/256 MB DedicatedVideo/DedicatedSystem/SharedSystem, Outputs:0, VendorId:0x1414
[2017.01.23-20.30.49:847][  0]LogD3D11RHI: Chosen D3D11 Adapter: 0
[2017.01.23-20.30.49:849][  0]LogD3D11RHI: Creating new Direct3DDevice
[2017.01.23-20.30.49:849][  0]LogD3D11RHI:     GPU DeviceId: 0x1380 (for the marketing name, search the web for "GPU Device Id")
[2017.01.23-20.30.49:849][  0]LogWindows: EnumDisplayDevices:
[2017.01.23-20.30.49:849][  0]LogWindows:    0. 'NVIDIA GeForce GTX 750 Ti' (P:1 D:1)
[2017.01.23-20.30.49:850][  0]LogWindows:    1. 'NVIDIA GeForce GTX 750 Ti' (P:0 D:1)
[2017.01.23-20.30.49:850][  0]LogWindows:    2. 'NVIDIA GeForce GTX 750 Ti' (P:0 D:0)
[2017.01.23-20.30.49:850][  0]LogWindows:    3. 'NVIDIA GeForce GTX 750 Ti' (P:0 D:0)
[2017.01.23-20.30.49:850][  0]LogWindows:    4. 'Intel(R) HD Graphics 4600' (P:0 D:0)
[2017.01.23-20.30.49:850][  0]LogWindows:    5. 'Intel(R) HD Graphics 4600' (P:0 D:0)
[2017.01.23-20.30.49:850][  0]LogWindows:    6. 'Intel(R) HD Graphics 4600' (P:0 D:0)
[2017.01.23-20.30.49:850][  0]LogWindows: DebugString: PrimaryIsNotTheChoosenAdapter PrimaryIsNotTheChoosenAdapter PrimaryIsNotTheChoosenAdapter FoundDriverCount:4 
[2017.01.23-20.30.49:850][  0]LogD3D11RHI:     Adapter Name: NVIDIA GeForce GTX 750 Ti
[2017.01.23-20.30.49:850][  0]LogD3D11RHI:   Driver Version: 372.90 (internal:21.21.13.7290, unified:372.90)
[2017.01.23-20.30.49:850][  0]LogD3D11RHI:      Driver Date: 9-16-2016
[2017.01.23-20.30.49:850][  0]LogRHI: Texture pool is 1361 MB (70% of 1945 MB)
[2017.01.23-20.30.49:860][  0]LogD3D11RHI: Async texture creation enabled
[2017.01.23-20.30.49:876][  0]LogD3D11RHI: GPU Timing Frequency: 1000.000000 (Debug: 2 2)
[2017.01.23-20.30.49:876][  0]LogShaderCompilers: Guid format shader working directory is -16 characters bigger than the processId version (../../../../../../Users/Ryan Sobczak/Desktop/godTraffic/prototype/Intermediate/Shaders/WorkingDirectory/7352/).
[2017.01.23-20.30.49:876][  0]LogShaderCompilers: Cleaned the shader compiler working directory 'C:/Users/RYANSO~1/AppData/Local/Temp/UnrealShaderWorkingDir/2E4E9AAC438F35A4A7E6E7AAB7AD4D69/'.
[2017.01.23-20.30.49:876][  0]LogShaderCompilers:Display: Using Local Shader Compiler.
[2017.01.23-20.30.51:395][  0]LogTemp:Display: Loaded TP AllDesktopTargetPlatform
[2017.01.23-20.30.51:403][  0]LogTemp:Display: Loaded TP WindowsClientTargetPlatform
[2017.01.23-20.30.51:410][  0]LogTemp:Display: Loaded TP WindowsNoEditorTargetPlatform
[2017.01.23-20.30.51:417][  0]LogTemp:Display: Loaded TP WindowsServerTargetPlatform
[2017.01.23-20.30.51:425][  0]LogTemp:Display: Loaded TP WindowsTargetPlatform
[2017.01.23-20.30.51:431][  0]LogTemp:Display: Loaded TP AndroidTargetPlatform
[2017.01.23-20.30.51:437][  0]LogTemp:Display: Loaded TP Android_ASTCTargetPlatform
[2017.01.23-20.30.51:443][  0]LogTemp:Display: Loaded TP Android_ATCTargetPlatform
[2017.01.23-20.30.51:449][  0]LogTemp:Display: Loaded TP Android_DXTTargetPlatform
[2017.01.23-20.30.51:455][  0]LogTemp:Display: Loaded TP Android_ETC1TargetPlatform
[2017.01.23-20.30.51:461][  0]LogTemp:Display: Loaded TP Android_ETC2TargetPlatform
[2017.01.23-20.30.51:475][  0]LogTemp:Display: Loaded TP Android_MultiTargetPlatform
[2017.01.23-20.30.51:475][  0]LogTemp:Display: Loaded TP Android_PVRTCTargetPlatform
[2017.01.23-20.30.51:476][  0]LogTemp:Display: Loaded TP HTML5TargetPlatform
[2017.01.23-20.30.51:495][  0]LogTemp:Display: Loaded TP IOSTargetPlatform
[2017.01.23-20.30.51:500][  0]LogTemp:Display: Loaded TP TVOSTargetPlatform
[2017.01.23-20.30.51:506][  0]LogTemp:Display: Loaded TP LinuxClientTargetPlatform
[2017.01.23-20.30.51:512][  0]LogTemp:Display: Loaded TP LinuxNoEditorTargetPlatform
[2017.01.23-20.30.51:518][  0]LogTemp:Display: Loaded TP LinuxServerTargetPlatform
[2017.01.23-20.30.51:525][  0]LogTemp:Display: Loaded TP LinuxTargetPlatform
[2017.01.23-20.30.51:525][  0]LogTargetPlatformManager:Display: Building Assets For Windows
[2017.01.23-20.30.51:578][  0]LogDerivedDataCache:Display: Max Cache Size: 512 MB
[2017.01.23-20.30.51:904][  0]LogDerivedDataCache: Loaded boot cache 0.32s 62MB C:/Users/Ryan Sobczak/AppData/Local/UnrealEngine/4.13/DerivedDataCache/Boot.ddc.
[2017.01.23-20.30.51:904][  0]LogDerivedDataCache:Display: Loaded Boot cache: C:/Users/Ryan Sobczak/AppData/Local/UnrealEngine/4.13/DerivedDataCache/Boot.ddc
[2017.01.23-20.30.51:904][  0]LogDerivedDataCache: FDerivedDataBackendGraph:  Pak pak cache file ../../../../../../Users/Ryan Sobczak/Desktop/godTraffic/prototype/DerivedDataCache/DDC.ddp not found, will not use a pak cache.
[2017.01.23-20.30.51:904][  0]LogDerivedDataCache: Unable to find inner node Pak for hierarchical cache Hierarchy.
[2017.01.23-20.30.51:904][  0]LogDerivedDataCache: FDerivedDataBackendGraph:  CompressedPak pak cache file ../../../../../../Users/Ryan Sobczak/Desktop/godTraffic/prototype/DerivedDataCache/Compressed.ddp not found, will not use a pak cache.
[2017.01.23-20.30.51:904][  0]LogDerivedDataCache: Unable to find inner node CompressedPak for hierarchical cache Hierarchy.
[2017.01.23-20.30.51:921][  0]LogDerivedDataCache:Display: Pak cache opened for reading ../../../Engine/DerivedDataCache/Compressed.ddp.
[2017.01.23-20.30.51:934][  0]LogDerivedDataCache: Using Local data cache path C:/Users/Ryan Sobczak/AppData/Local/UnrealEngine/Common/DerivedDataCache: Writable
[2017.01.23-20.30.55:087][  0]LogInit: Selected Device Profile: [Windows]
[2017.01.23-20.30.55:090][  0]LogContentStreaming: Texture pool size is 0.00 MB
[2017.01.23-20.30.55:389][  0]LogMeshUtilities: No automatic mesh reduction module available
[2017.01.23-20.30.55:389][  0]LogMeshUtilities: No automatic mesh merging module available
[2017.01.23-20.30.55:389][  0]LogMeshUtilities: No distributed automatic mesh merging module available
[2017.01.23-20.30.55:460][  0]LogMaterial: Uniform references updated for custom material expression Custom.
[2017.01.23-20.30.56:060][  0]LogNetVersion: GetLocalNetworkVersion: CL: 3106830, ProjectName: myproject, ProjectVersion: , EngineNetworkVersion: 1, GameNetworkVersion: 0, NetworkChecksum: 1879837642
[2017.01.23-20.30.56:121][  0]LogAssetRegistry: FAssetRegistry took 0.0218 seconds to start up
[2017.01.23-20.30.56:152][  0]LogPackageLocalizationCache: Processed 3 localized package path(s) for 2 prioritized culture(s) in 0.028108 seconds
[2017.01.23-20.30.56:158][  0]LogUObjectArray: 29778 objects as part of root set at end of initial load.
[2017.01.23-20.30.56:158][  0]LogUObjectAllocator: 6125448 out of 0 bytes used by permanent object pool.
[2017.01.23-20.30.56:158][  0]LogUObjectArray: CloseDisregardForGC: 0/0 objects in disregard for GC pool
[2017.01.23-20.30.56:163][  0]LogInit: WinSock: version 1.1 (2.2), MaxSocks=32767, MaxUdp=65467
[2017.01.23-20.30.59:291][  0]LogSlate: SlateFontCache - WITH_FREETYPE: 1, WITH_HARFBUZZ: 1
[2017.01.23-20.30.59:291][  0]LogSlate: SlateFontCache - WITH_FREETYPE: 1, WITH_HARFBUZZ: 1
[2017.01.23-20.31.20:359][  0]LogTcpMessaging: Initializing TcpMessaging bridge
[2017.01.23-20.31.20:398][  0]LogUdpMessaging: Initializing bridge on interface 0.0.0.0:0 to multicast group 230.0.0.1:6666.
[2017.01.23-20.31.20:933][  0]SourceControl: Info Source control is disabled
[2017.01.23-20.31.23:677][  0]SourceControl: Info Source control is disabled
[2017.01.23-20.31.23:727][  0]SourceControl: Info Source control is disabled
[2017.01.23-20.31.23:791][  0]SourceControl: Info Source control is disabled
[2017.01.23-20.31.25:054][  0]LogEngine: Initializing Engine...
[2017.01.23-20.31.25:055][  0]LogHMD: Failed to initialize OpenVR with code 110
[2017.01.23-20.31.25:280][  0]LogAIModule: Creating AISystem for world Untitled
[2017.01.23-20.31.25:302][  0]LogInit: XAudio2 using 'Speakers (5- USB Audio Device)' : 2 channels at 44.1 kHz using 16 bits per sample (channel mask 0x3)
[2017.01.23-20.31.25:309][  0]LogInit: FAudioDevice initialized.
[2017.01.23-20.31.25:340][  0]LogDerivedDataCache: Saved boot cache 0.03s 62MB C:/Users/Ryan Sobczak/AppData/Local/UnrealEngine/4.13/DerivedDataCache/Boot.ddc.
[2017.01.23-20.31.25:346][  0]LogInit: Texture streaming: Enabled
[2017.01.23-20.31.25:692][  0]LogInit: Transaction tracking system initialized
[2017.01.23-20.31.25:975][  0]BlueprintLog: New page: Editor Load
[2017.01.23-20.31.27:391][  0]LocalizationService: Info Localization service is disabled
[2017.01.23-20.31.28:682][  0]LogConsoleResponse:Display: 
[2017.01.23-20.31.30:659][  0]LogCook:Display: Max memory allowance for cook 16384mb min free memory 0mb
[2017.01.23-20.31.30:659][  0]LogCook:Display: Mobile HDR setting 1
[2017.01.23-20.31.32:037][  0]LogFileCache: Scanning file cache for directory 'C:/Users/Ryan Sobczak/Desktop/godTraffic/prototype/Content/' took 0.24s
[2017.01.23-20.31.33:355][  0]SourceControl: Info Source control is disabled
[2017.01.23-20.31.33:355][  0]Cmd: MAP LOAD FILE="../../../../../../Users/Ryan Sobczak/Desktop/godTraffic/prototype/Content/TopDownBP/Maps/TopDownExampleMap.umap" TEMPLATE=0 SHOWPROGRESS=1 FEATURELEVEL=3
[2017.01.23-20.31.33:410][  0]LightingResults: New page: Lighting Build
[2017.01.23-20.31.33:418][  0]MapCheck: New page: Map Check
[2017.01.23-20.31.33:419][  0]LightingResults: New page: Lighting Build
[2017.01.23-20.31.33:615][  0]LogLinker:Warning: Can't find file '/Game/Assets/Material'
[2017.01.23-20.31.33:616][  0]LogLinker:Warning: Can't find file for asset '/Game/Assets/Material' while loading ../../../../../../Users/Ryan Sobczak/Desktop/godTraffic/prototype/Content/Assets/car.uasset.
[2017.01.23-20.31.33:616][  0]LoadErrors:Error: Error /Game/Assets/car : Can't find file for asset. /Game/Assets/Material
[2017.01.23-20.31.33:616][  0]LogLinker:Warning: Can't find file '/Game/Assets/Material'
[2017.01.23-20.31.33:616][  0]LogLinker:Warning: Can't find file for asset '/Game/Assets/Material' while loading ../../../../../../Users/Ryan Sobczak/Desktop/godTraffic/prototype/Content/Assets/car.uasset.
[2017.01.23-20.31.33:616][  0]LoadErrors:Error: Error /Game/Assets/car : Can't find file for asset. /Game/Assets/Material
[2017.01.23-20.31.34:408][  0]LogLinker:Warning: Can't find file '/Game/Assets/Material'
[2017.01.23-20.31.34:408][  0]LoadErrors: Info Failed to load /Game/Assets/Material.Material Referenced by car
[2017.01.23-20.31.34:408][  0]LogLinker:Warning: Can't find file for asset '/Game/Assets/Material' while loading NULL.
[2017.01.23-20.31.34:408][  0]LoadErrors: Info Failed to load /Game/Assets/Material.Material Referenced by car
[2017.01.23-20.31.36:836][  0]LogAIModule: Creating AISystem for world TopDownExampleMap
[2017.01.23-20.31.36:982][  0]LogEditorServer: Finished looking for orphan Actors (0.000 secs)
[2017.01.23-20.31.36:986][  0]Cmd: MAP CHECKDEP NOCLEARLOG
[2017.01.23-20.31.37:112][  0]MapCheck: Info Map check complete: 0 Error(s), 0 Warning(s), took 125.938ms to complete.
[2017.01.23-20.31.37:112][  0]LogFileHelpers: Loading map 'TopDownExampleMap' took 3.757
[2017.01.23-20.31.37:516][  0]LogCollectionManager: Loaded 0 collections in 0.001564 seconds
[2017.01.23-20.31.37:590][  0]LogFileCache: Scanning file cache for directory 'C:/Users/Ryan Sobczak/Desktop/godTraffic/prototype/Saved/Collections/' took 0.01s
[2017.01.23-20.31.37:590][  0]LogFileCache: Scanning file cache for directory 'C:/Users/Ryan Sobczak/Desktop/godTraffic/prototype/Content/Developers/RyanSobczak/Collections/' took 0.01s
[2017.01.23-20.31.37:590][  0]LogFileCache: Scanning file cache for directory 'C:/Users/Ryan Sobczak/Desktop/godTraffic/prototype/Content/Collections/' took 0.01s
[2017.01.23-20.31.37:590][  0]LogCollectionManager: Rebuilt the GUID cache for 0 collections in 0.000008 seconds
[2017.01.23-20.31.37:613][  0]LogContentBrowser: Native class hierarchy populated in 0.0228 seconds. Added 2141 classes and 415 folders.
[2017.01.23-20.31.37:620][  0]LogStats: UGameplayTagsManager::ConstructGameplayTagTree: Construct from data asset -  0.000 s
[2017.01.23-20.31.37:620][  0]LogStats: UGameplayTagsManager::ConstructGameplayTagTree: GameplayTagTreeChangedEvent.Broadcast -  0.000 s
[2017.01.23-20.31.37:621][  0]LogContentBrowser: Native class hierarchy updated for 'GameplayTags' in 0.0007 seconds. Added 12 classes and 0 folders.
[2017.01.23-20.31.37:626][  0]LogContentBrowser: Native class hierarchy updated for 'WidgetCarousel' in 0.0005 seconds. Added 0 classes and 0 folders.
[2017.01.23-20.31.44:082][  0]LogContentBrowser: Native class hierarchy updated for 'AddContentDialog' in 0.0015 seconds. Added 0 classes and 0 folders.
[2017.01.23-20.31.44:162][  0]LogContentBrowser: Native class hierarchy updated for 'SceneOutliner' in 0.0004 seconds. Added 1 classes and 2 folders.
[2017.01.23-20.31.44:291][  0]LogCrashTracker: Crashtracker disabled due to settings.
[2017.01.23-20.31.44:302][  0]LogUObjectGlobals:Warning: Failed to find object 'Class None.'
[2017.01.23-20.31.44:496][  0]LogContentBrowser: Native class hierarchy updated for 'HierarchicalLODOutliner' in 0.0014 seconds. Added 1 classes and 2 folders.
[2017.01.23-20.31.44:496][  0]LogLoad: (Engine Initialization) Total time: 55.86 seconds
[2017.01.23-20.31.44:496][  0]LogLoad: (Engine Initialization) Total Blueprint compile time: 0.29 seconds
[2017.01.23-20.31.44:496][  0]LogExternalProfiler: Found external profiler: VSPerf
[2017.01.23-20.31.44:496][  0]LogExternalProfiler: Using external profiler: VSPerf
[2017.01.23-20.31.44:837][  0]LogOcInput: OculusInput pre-init called
[2017.01.23-20.31.44:867][  0]LogContentStreaming: Texture pool size now 1000 MB
[2017.01.23-20.31.45:395][  0]LogRenderer: Reallocating scene render targets to support 1208x576 (Frame:2).
[2017.01.23-20.31.45:823][  2]LogAssetRegistry: Asset discovery search completed in 49.7249 seconds
[2017.01.23-20.31.45:823][  2]LogCollectionManager: Rebuilt the object cache for 0 collections in 0.000001 seconds (found 0 objects)
[2017.01.23-20.31.45:823][  2]LogCollectionManager: Fixed up redirectors for 0 collections in 0.000019 seconds (updated 0 objects)
[2017.01.23-20.31.59:959][256]LogEditorViewport: Clicking on Actor (LMB): AICharacter_C (AICharacter2)
[2017.01.23-20.32.07:997][187]LogEditorViewport: Clicking on Actor (LMB): TargetPoint (TargetPoint)
[2017.01.23-20.32.20:359][644]LogEditorViewport: Clicking on Actor (LMB): AICharacter_C (AICharacter2)
[2017.01.23-20.32.21:737][793]LogBlueprintUserMessages: Early PlayInEditor Detection: Level '/Game/TopDownBP/Maps/TopDownExampleMap.TopDownExampleMap:PersistentLevel' has LevelScriptBlueprint '/Game/TopDownBP/Maps/TopDownExampleMap.TopDownExampleMap:PersistentLevel.TopDownExampleMap' with GeneratedClass '/Game/TopDownBP/Maps/TopDownExampleMap.TopDownExampleMap_C' with ClassGeneratedBy '/Game/TopDownBP/Maps/TopDownExampleMap.TopDownExampleMap:PersistentLevel.TopDownExampleMap'
[2017.01.23-20.32.21:737][793]LogPlayLevel: PlayLevel: No blueprints needed recompiling
[2017.01.23-20.32.21:779][793]PIE: New page: PIE session: TopDownExampleMap (Jan 23, 2017, 10:32:21 AM)
[2017.01.23-20.32.21:779][793]LogPlayLevel: Creating play world package: /Game/TopDownBP/Maps/UEDPIE_0_TopDownExampleMap
[2017.01.23-20.32.21:812][793]LogPlayLevel: PIE: StaticDuplicateObject took: (0.032428s)
[2017.01.23-20.32.21:812][793]LogAIModule: Creating AISystem for world TopDownExampleMap
[2017.01.23-20.32.21:813][793]LogPlayLevel: PIE: World Init took: (0.001165s)
[2017.01.23-20.32.21:813][793]LogPlayLevel: PIE: Created PIE world by copying editor world from /Game/TopDownBP/Maps/TopDownExampleMap.TopDownExampleMap to /Game/TopDownBP/Maps/UEDPIE_0_TopDownExampleMap.TopDownExampleMap (0.033929s)
[2017.01.23-20.32.21:837][793]LogInit: XAudio2 using 'Speakers (5- USB Audio Device)' : 2 channels at 44.1 kHz using 16 bits per sample (channel mask 0x3)
[2017.01.23-20.32.21:842][793]LogInit: FAudioDevice initialized.
[2017.01.23-20.32.21:887][793]LogWorld: Game class is 'TopDownGameMode_C'
[2017.01.23-20.32.21:892][793]LogWorld: Bringing World /Game/TopDownBP/Maps/UEDPIE_0_TopDownExampleMap.TopDownExampleMap up for play (max tick rate 0) at 2017.01.23-15.32.21
[2017.01.23-20.32.21:893][793]LogWorld: Bringing up level for play took: 0.004635
[2017.01.23-20.32.21:896][793]LogContentBrowser: Native class hierarchy updated for 'MovieSceneCapture' in 0.0004 seconds. Added 11 classes and 0 folders.
[2017.01.23-20.32.21:896][793]LogGameMode:Display: Match State Changed from EnteringMap to WaitingToStart
[2017.01.23-20.32.21:896][793]LogGameState: Match State Changed from EnteringMap to WaitingToStart
[2017.01.23-20.32.21:896][793]LogGameMode:Display: Match State Changed from WaitingToStart to InProgress
[2017.01.23-20.32.21:897][793]LogGameState: Match State Changed from WaitingToStart to InProgress
[2017.01.23-20.32.21:897][793]PIE: Info Play in editor start time for /Game/TopDownBP/Maps/UEDPIE_0_TopDownExampleMap -0.512
[2017.01.23-20.32.21:897][793]LogBlueprintUserMessages: Late PlayInEditor Detection: Level '/Game/TopDownBP/Maps/TopDownExampleMap.TopDownExampleMap:PersistentLevel' has LevelScriptBlueprint '/Game/TopDownBP/Maps/TopDownExampleMap.TopDownExampleMap:PersistentLevel.TopDownExampleMap' with GeneratedClass '/Game/TopDownBP/Maps/TopDownExampleMap.TopDownExampleMap_C' with ClassGeneratedBy '/Game/TopDownBP/Maps/TopDownExampleMap.TopDownExampleMap:PersistentLevel.TopDownExampleMap'
[2017.01.23-20.32.24:563][108]LogBlueprintUserMessages: [TopDownExampleMap_C_0] Hello
[2017.01.23-20.32.34:104][250]LogBlueprintUserMessages: Early EndPlayMap Detection: Level '/Game/TopDownBP/Maps/TopDownExampleMap.TopDownExampleMap:PersistentLevel' has LevelScriptBlueprint '/Game/TopDownBP/Maps/TopDownExampleMap.TopDownExampleMap:PersistentLevel.TopDownExampleMap' with GeneratedClass '/Game/TopDownBP/Maps/TopDownExampleMap.TopDownExampleMap_C' with ClassGeneratedBy '/Game/TopDownBP/Maps/TopDownExampleMap.TopDownExampleMap:PersistentLevel.TopDownExampleMap'
[2017.01.23-20.32.34:278][250]LogBlueprintUserMessages: Late EndPlayMap Detection: Level '/Game/TopDownBP/Maps/TopDownExampleMap.TopDownExampleMap:PersistentLevel' has LevelScriptBlueprint '/Game/TopDownBP/Maps/TopDownExampleMap.TopDownExampleMap:PersistentLevel.TopDownExampleMap' with GeneratedClass '/Game/TopDownBP/Maps/TopDownExampleMap.TopDownExampleMap_C' with ClassGeneratedBy '/Game/TopDownBP/Maps/TopDownExampleMap.TopDownExampleMap:PersistentLevel.TopDownExampleMap'
[2017.01.23-20.32.35:474][383]LogEditorViewport: Clicking on Actor (LMB): StaticMeshActor (Cube26)
[2017.01.23-20.33.13:313][711]LogEditorViewport: Clicking on Actor (LMB): AICharacter_C (AICharacter2)
[2017.01.23-20.33.24:848][ 11]LogEditorViewport: Clicking on Actor (LMB): TargetPoint (TargetPoint)
[2017.01.23-20.33.31:140][753]LogBlueprintUserMessages: Early PlayInEditor Detection: Level '/Game/TopDownBP/Maps/TopDownExampleMap.TopDownExampleMap:PersistentLevel' has LevelScriptBlueprint '/Game/TopDownBP/Maps/TopDownExampleMap.TopDownExampleMap:PersistentLevel.TopDownExampleMap' with GeneratedClass '/Game/TopDownBP/Maps/TopDownExampleMap.TopDownExampleMap_C' with ClassGeneratedBy '/Game/TopDownBP/Maps/TopDownExampleMap.TopDownExampleMap:PersistentLevel.TopDownExampleMap'
[2017.01.23-20.33.31:140][753]LogPlayLevel: PlayLevel: No blueprints needed recompiling
[2017.01.23-20.33.31:140][753]PIE: New page: PIE session: TopDownExampleMap (Jan 23, 2017, 10:33:31 AM)
[2017.01.23-20.33.31:140][753]LogPlayLevel: Creating play world package: /Game/TopDownBP/Maps/UEDPIE_0_TopDownExampleMap
[2017.01.23-20.33.31:165][753]LogPlayLevel: PIE: StaticDuplicateObject took: (0.025088s)
[2017.01.23-20.33.31:166][753]LogAIModule: Creating AISystem for world TopDownExampleMap
[2017.01.23-20.33.31:167][753]LogPlayLevel: PIE: World Init took: (0.000994s)
[2017.01.23-20.33.31:167][753]LogPlayLevel: PIE: Created PIE world by copying editor world from /Game/TopDownBP/Maps/TopDownExampleMap.TopDownExampleMap to /Game/TopDownBP/Maps/UEDPIE_0_TopDownExampleMap.TopDownExampleMap (0.026342s)
[2017.01.23-20.33.31:181][753]LogInit: XAudio2 using 'Speakers (5- USB Audio Device)' : 2 channels at 44.1 kHz using 16 bits per sample (channel mask 0x3)
[2017.01.23-20.33.31:186][753]LogInit: FAudioDevice initialized.
[2017.01.23-20.33.31:235][753]LogWorld: Game class is 'TopDownGameMode_C'
[2017.01.23-20.33.31:240][753]LogWorld: Bringing World /Game/TopDownBP/Maps/UEDPIE_0_TopDownExampleMap.TopDownExampleMap up for play (max tick rate 0) at 2017.01.23-15.33.31
[2017.01.23-20.33.31:241][753]LogWorld: Bringing up level for play took: 0.004852
[2017.01.23-20.33.31:242][753]LogGameMode:Display: Match State Changed from EnteringMap to WaitingToStart
[2017.01.23-20.33.31:242][753]LogGameState: Match State Changed from EnteringMap to WaitingToStart
[2017.01.23-20.33.31:242][753]LogGameMode:Display: Match State Changed from WaitingToStart to InProgress
[2017.01.23-20.33.31:242][753]LogGameState: Match State Changed from WaitingToStart to InProgress
[2017.01.23-20.33.31:242][753]PIE: Info Play in editor start time for /Game/TopDownBP/Maps/UEDPIE_0_TopDownExampleMap 0.833
[2017.01.23-20.33.31:242][753]LogBlueprintUserMessages: Late PlayInEditor Detection: Level '/Game/TopDownBP/Maps/TopDownExampleMap.TopDownExampleMap:PersistentLevel' has LevelScriptBlueprint '/Game/TopDownBP/Maps/TopDownExampleMap.TopDownExampleMap:PersistentLevel.TopDownExampleMap' with GeneratedClass '/Game/TopDownBP/Maps/TopDownExampleMap.TopDownExampleMap_C' with ClassGeneratedBy '/Game/TopDownBP/Maps/TopDownExampleMap.TopDownExampleMap:PersistentLevel.TopDownExampleMap'
[2017.01.23-20.33.32:958][955]LogBlueprintUserMessages: [TopDownExampleMap_C_0] Hello
[2017.01.23-20.33.34:690][160]LogCharacterMovement: TopDownCharacter is stuck and failed to move! Velocity: X=16.54 Y=-49.52 Z=0.00 Location: X=-496.83 Y=415.15 Z=302.75 Normal: X=-0.15 Y=0.99 Z=0.00 PenetrationDepth:14.208 Actor:AICharacter2_131 Component:car BoneName:None (0 other events since notify)
[2017.01.23-20.33.43:189][166]LogBlueprintUserMessages: Early EndPlayMap Detection: Level '/Game/TopDownBP/Maps/TopDownExampleMap.TopDownExampleMap:PersistentLevel' has LevelScriptBlueprint '/Game/TopDownBP/Maps/TopDownExampleMap.TopDownExampleMap:PersistentLevel.TopDownExampleMap' with GeneratedClass '/Game/TopDownBP/Maps/TopDownExampleMap.TopDownExampleMap_C' with ClassGeneratedBy '/Game/TopDownBP/Maps/TopDownExampleMap.TopDownExampleMap:PersistentLevel.TopDownExampleMap'
[2017.01.23-20.33.43:230][166]LogBlueprintUserMessages: Late EndPlayMap Detection: Level '/Game/TopDownBP/Maps/TopDownExampleMap.TopDownExampleMap:PersistentLevel' has LevelScriptBlueprint '/Game/TopDownBP/Maps/TopDownExampleMap.TopDownExampleMap:PersistentLevel.TopDownExampleMap' with GeneratedClass '/Game/TopDownBP/Maps/TopDownExampleMap.TopDownExampleMap_C' with ClassGeneratedBy '/Game/TopDownBP/Maps/TopDownExampleMap.TopDownExampleMap:PersistentLevel.TopDownExampleMap'
[2017.01.23-20.33.47:687][692]LogEditorViewport: Clicking on Actor (LMB): AICharacter_C (AICharacter2)
[2017.01.23-20.34.34:059][293]LogContentBrowser: Native class hierarchy updated for 'BlueprintGraph' in 0.0008 seconds. Added 112 classes and 0 folders.
[2017.01.23-20.35.46:080][607]LogContentBrowser: Native class hierarchy updated for 'Cascade' in 0.0005 seconds. Added 2 classes and 2 folders.
[2017.01.23-20.35.46:223][607]LogTexture:Display: Building textures: CASC_Normal (BC5)
[2017.01.23-20.35.46:385][607]LogTexture:Display: Building textures: CASC_Point (AutoDXT)
[2017.01.23-20.35.46:429][607]LogTexture:Display: Building textures: CASC_Lights (BC5)
[2017.01.23-20.35.46:465][607]LogTexture:Display: Building textures: CASC_CurveEd (AutoDXT)
[2017.01.23-20.35.46:489][607]LogTexture:Display: Building textures: CASC_ModuleEnable (AutoDXT)
[2017.01.23-20.35.46:505][607]LogTexture:Display: Building textures: CASC_ModuleDisable (AutoDXT)
[2017.01.23-20.35.46:562][607]LogTexture:Display: Building textures: CASC_Solo_On (AutoDXT)
[2017.01.23-20.35.46:589][607]LogTexture:Display: Building textures: CASC_Solo_Off (AutoDXT)
[2017.01.23-20.35.46:607][607]LogTexture:Display: Building textures: CASC_DisabledModule (AutoDXT)
[2017.01.23-20.36.00:181][800]LogTexture:Display: Building textures: T_soft_smoke (AutoDXT)
[2017.01.23-20.36.00:392][800]LogTexture:Display: Building textures: T_SmokeSubUV_8X8 (AutoDXT)
[2017.01.23-20.36.01:402][800]LogTexture:Display: Building textures: ThumbnailTexture (DXT1)
[2017.01.23-20.36.01:493][800]LogSlate:Warning: Slate: Had to block on waiting for a draw buffer
[2017.01.23-20.37.06:289][288]LogTexture:Display: Building textures: T_Explosion_SubUV (AutoDXT)
[2017.01.23-20.37.08:059][288]LogTexture:Display: Building textures: ThumbnailTexture (DXT1)
[2017.01.23-20.37.11:577][561]LogTexture:Display: Building textures: T_Dust_Particle_D (AutoDXT)
[2017.01.23-20.41.30:121][152]LogCascade: Quitting Cascade. FXSystem=0x0000008E0B76DF80
[2017.01.23-20.41.30:300][152]LogCascade: Quitting Cascade. FXSystem=0x0000008E5E07E2A0
[2017.01.23-20.41.30:351][152]LogActorComponent: UnregisterComponent: (/Engine/Transient.FloorComponent) Not registered. Aborting.
[2017.01.23-20.41.30:410][152]LogCascade: Quitting Cascade. FXSystem=0x0000008E6171BB00
[2017.01.23-20.41.30:475][152]LogActorComponent: UnregisterComponent: (/Engine/Transient.FloorComponent) Not registered. Aborting.
[2017.01.23-20.41.30:542][152]LogCascade: Quitting Cascade. FXSystem=0x0000008E0B76F380
[2017.01.23-20.41.30:595][152]LogActorComponent: UnregisterComponent: (/Engine/Transient.FloorComponent) Not registered. Aborting.
[2017.01.23-20.41.30:635][152]LogCascade: Quitting Cascade. FXSystem=0x0000008E8FCA87C0
[2017.01.23-20.41.30:693][152]LogActorComponent: UnregisterComponent: (/Engine/Transient.FloorComponent) Not registered. Aborting.
[2017.01.23-20.41.30:734][152]LogCascade: Quitting Cascade. FXSystem=0x0000008E955D7240
[2017.01.23-20.41.30:785][152]LogActorComponent: UnregisterComponent: (/Engine/Transient.FloorComponent) Not registered. Aborting.
[2017.01.23-20.41.30:825][152]LogCascade: Quitting Cascade. FXSystem=0x0000008E95678220
[2017.01.23-20.41.30:877][152]LogActorComponent: UnregisterComponent: (/Engine/Transient.FloorComponent) Not registered. Aborting.
[2017.01.23-20.41.30:918][152]LogCascade: Quitting Cascade. FXSystem=0x0000008E0B5FAE80
[2017.01.23-20.41.30:969][152]LogActorComponent: UnregisterComponent: (/Engine/Transient.FloorComponent) Not registered. Aborting.
[2017.01.23-20.41.33:245][152]LogObjectTools:Warning: ForceReplaceReferences replaced references for a transient object 'CascadeParticleSystemComponent_7' or package '/Engine/Transient'.
[2017.01.23-20.43.08:632][888]LogSlate:Warning: Prevented a slow task dialog from being summoned while a context menu was open
[2017.01.23-20.45.55:681][593]LogCascade: Quitting Cascade. FXSystem=0x0000008E6CA64A40
[2017.01.23-20.46.11:495][214]LogCascade: Quitting Cascade. FXSystem=0x0000008E3367BB00
[2017.01.23-20.46.42:930][832]LogCascade: Quitting Cascade. FXSystem=0x0000008E33D83420
[2017.01.23-20.46.43:920][915]LogCascade: Quitting Cascade. FXSystem=0x0000008E758EE340
[2017.01.23-20.46.43:939][915]LogActorComponent: UnregisterComponent: (/Engine/Transient.FloorComponent) Not registered. Aborting.
[2017.01.23-20.46.45:279][ 35]LogCascade: Quitting Cascade. FXSystem=0x0000008E0B8E5B20
[2017.01.23-20.46.45:298][ 35]LogActorComponent: UnregisterComponent: (/Engine/Transient.FloorComponent) Not registered. Aborting.
[2017.01.23-20.46.51:882][803]LogEditorViewport: Clicking on Actor (LMB): TopDownCharacter_C (TopDownCharacter)
[2017.01.23-20.47.29:210][292]LogSavePackage: Save=323.64ms
[2017.01.23-20.47.29:210][292]LogSavePackage: Moving '../../../../../../Users/Ryan Sobczak/Desktop/godTraffic/prototype/Saved/TopDownExampleMap_Auto163A7B37842C96A4172CA09A27E91EDAE.tmp' to '../../../../../../Users/Ryan Sobczak/Desktop/godTraffic/prototype/Saved/Autosaves/Game/TopDownBP/Maps/TopDownExampleMap_Auto1.umap'
[2017.01.23-20.47.29:214][292]LogSavePackage:Display: Finished SavePackage ../../../../../../Users/Ryan Sobczak/Desktop/godTraffic/prototype/Saved/Autosaves/Game/TopDownBP/Maps/TopDownExampleMap_Auto1.umap
[2017.01.23-20.47.29:240][292]LogFileHelpers: Editor autosave (incl. sublevels) for '/Game/TopDownBP/Maps/TopDownExampleMap' took 0.572
[2017.01.23-20.47.29:240][292]LogFileHelpers: Editor autosave (incl. sublevels) for all levels took 0.572
[2017.01.23-20.47.29:265][292]OBJ SavePackage: Generating thumbnails for [0] asset(s) in package [/Game/Blueprints/TargetLocationBP] ([1] browsable assets)...
[2017.01.23-20.47.29:265][292]OBJ SavePackage: Finished generating thumbnails for package [/Game/Blueprints/TargetLocationBP]
[2017.01.23-20.47.29:273][292]LogSavePackage: Save=6.51ms
[2017.01.23-20.47.29:273][292]LogSavePackage: Moving '../../../../../../Users/Ryan Sobczak/Desktop/godTraffic/prototype/Saved/TargetLocationBP_Auto19474DF6C4926FEDED8A3659E5A1E8190.tmp' to '../../../../../../Users/Ryan Sobczak/Desktop/godTraffic/prototype/Saved/Autosaves/Game/Blueprints/TargetLocationBP_Auto1.uasset'
[2017.01.23-20.47.29:289][292]LogSavePackage:Display: Finished SavePackage ../../../../../../Users/Ryan Sobczak/Desktop/godTraffic/prototype/Saved/Autosaves/Game/Blueprints/TargetLocationBP_Auto1.uasset
[2017.01.23-20.47.29:289][292]LogFileHelpers: Auto-saving content packages took 0.044
[2017.01.23-20.54.41:765][666]BlueprintLog: New page: Compile CameraShakeBP
[2017.01.23-20.54.43:443][799]Cmd: OBJ SAVEPACKAGE PACKAGE="/Game/Blueprints/CameraShakeBP" FILE="../../../../../../Users/Ryan Sobczak/Desktop/godTraffic/prototype/Content/Blueprints/CameraShakeBP.uasset" SILENT=true
[2017.01.23-20.54.43:467][799]LogSavePackage: Save=22.40ms
[2017.01.23-20.54.43:467][799]LogSavePackage: Moving '../../../../../../Users/Ryan Sobczak/Desktop/godTraffic/prototype/Saved/CameraShakeBP0C39DEE64C757BF49E0D1D81C1F33E14.tmp' to '../../../../../../Users/Ryan Sobczak/Desktop/godTraffic/prototype/Content/Blueprints/CameraShakeBP.uasset'
[2017.01.23-20.54.43:469][799]LogSavePackage:Display: Finished SavePackage ../../../../../../Users/Ryan Sobczak/Desktop/godTraffic/prototype/Content/Blueprints/CameraShakeBP.uasset
[2017.01.23-20.56.03:697][670]LogSlate:Warning: Prevented a slow task dialog from being summoned while a context menu was open
[2017.01.23-20.59.16:308][402]BlueprintLog: New page: Compile TopDownCharacter
[2017.01.23-20.59.17:617][471]LogSavePackage: Save=47.94ms
[2017.01.23-20.59.17:617][471]LogSavePackage: Moving '../../../../../../Users/Ryan Sobczak/Desktop/godTraffic/prototype/Saved/TopDownCharacter1EA8915845B1DB92EC46E392809BCD6E.tmp' to '../../../../../../Users/Ryan Sobczak/Desktop/godTraffic/prototype/Content/TopDownBP/Blueprints/TopDownCharacter.uasset'
[2017.01.23-20.59.17:625][471]LogSavePackage:Display: Finished SavePackage ../../../../../../Users/Ryan Sobczak/Desktop/godTraffic/prototype/Content/TopDownBP/Blueprints/TopDownCharacter.uasset
[2017.01.23-20.59.22:313][805]LogSavePackage: Save=31.12ms
[2017.01.23-20.59.22:313][805]LogSavePackage: Moving '../../../../../../Users/Ryan Sobczak/Desktop/godTraffic/prototype/Saved/TopDownCharacter58B6B4B648561B105A127F98D159E293.tmp' to '../../../../../../Users/Ryan Sobczak/Desktop/godTraffic/prototype/Content/TopDownBP/Blueprints/TopDownCharacter.uasset'
[2017.01.23-20.59.22:315][805]LogSavePackage:Display: Finished SavePackage ../../../../../../Users/Ryan Sobczak/Desktop/godTraffic/prototype/Content/TopDownBP/Blueprints/TopDownCharacter.uasset
[2017.01.23-20.59.26:832][977]LogBlueprintUserMessages: Early PlayInEditor Detection: Level '/Game/TopDownBP/Maps/TopDownExampleMap.TopDownExampleMap:PersistentLevel' has LevelScriptBlueprint '/Game/TopDownBP/Maps/TopDownExampleMap.TopDownExampleMap:PersistentLevel.TopDownExampleMap' with GeneratedClass '/Game/TopDownBP/Maps/TopDownExampleMap.TopDownExampleMap_C' with ClassGeneratedBy '/Game/TopDownBP/Maps/TopDownExampleMap.TopDownExampleMap:PersistentLevel.TopDownExampleMap'
[2017.01.23-20.59.26:832][977]BlueprintLog: New page: Pre-Play auto-recompile
[2017.01.23-20.59.26:832][977]LogPlayLevel: [PlayLevel] Compiling TargetLocationBP before play...
[2017.01.23-20.59.26:923][977]LogPlayLevel: PlayLevel: Blueprint regeneration took 91 ms (1 blueprints)
[2017.01.23-20.59.26:923][977]PIE: New page: PIE session: TopDownExampleMap (Jan 23, 2017, 10:59:26 AM)
[2017.01.23-20.59.26:924][977]LogPlayLevel: Creating play world package: /Game/TopDownBP/Maps/UEDPIE_0_TopDownExampleMap
[2017.01.23-20.59.27:005][977]LogPlayLevel: PIE: StaticDuplicateObject took: (0.081524s)
[2017.01.23-20.59.27:007][977]LogAIModule: Creating AISystem for world TopDownExampleMap
[2017.01.23-20.59.27:007][977]LogPlayLevel: PIE: World Init took: (0.002050s)
[2017.01.23-20.59.27:007][977]LogPlayLevel: PIE: Created PIE world by copying editor world from /Game/TopDownBP/Maps/TopDownExampleMap.TopDownExampleMap to /Game/TopDownBP/Maps/UEDPIE_0_TopDownExampleMap.TopDownExampleMap (0.083924s)
[2017.01.23-20.59.27:036][977]LogInit: XAudio2 using 'Speakers (5- USB Audio Device)' : 2 channels at 44.1 kHz using 16 bits per sample (channel mask 0x3)
[2017.01.23-20.59.27:041][977]LogInit: FAudioDevice initialized.
[2017.01.23-20.59.27:074][977]LogWorld: Game class is 'TopDownGameMode_C'
[2017.01.23-20.59.27:078][977]LogWorld: Bringing World /Game/TopDownBP/Maps/UEDPIE_0_TopDownExampleMap.TopDownExampleMap up for play (max tick rate 0) at 2017.01.23-15.59.27
[2017.01.23-20.59.27:079][977]LogWorld: Bringing up level for play took: 0.004569
[2017.01.23-20.59.27:080][977]LogGameMode:Display: Match State Changed from EnteringMap to WaitingToStart
[2017.01.23-20.59.27:080][977]LogGameState: Match State Changed from EnteringMap to WaitingToStart
[2017.01.23-20.59.27:080][977]LogGameMode:Display: Match State Changed from WaitingToStart to InProgress
[2017.01.23-20.59.27:080][977]LogGameState: Match State Changed from WaitingToStart to InProgress
[2017.01.23-20.59.27:080][977]PIE: Info Play in editor start time for /Game/TopDownBP/Maps/UEDPIE_0_TopDownExampleMap 0.67
[2017.01.23-20.59.27:080][977]LogBlueprintUserMessages: Late PlayInEditor Detection: Level '/Game/TopDownBP/Maps/TopDownExampleMap.TopDownExampleMap:PersistentLevel' has LevelScriptBlueprint '/Game/TopDownBP/Maps/TopDownExampleMap.TopDownExampleMap:PersistentLevel.TopDownExampleMap' with GeneratedClass '/Game/TopDownBP/Maps/TopDownExampleMap.TopDownExampleMap_C' with ClassGeneratedBy '/Game/TopDownBP/Maps/TopDownExampleMap.TopDownExampleMap:PersistentLevel.TopDownExampleMap'
[2017.01.23-20.59.53:214][ 66]LogBlueprintUserMessages: Early EndPlayMap Detection: Level '/Game/TopDownBP/Maps/TopDownExampleMap.TopDownExampleMap:PersistentLevel' has LevelScriptBlueprint '/Game/TopDownBP/Maps/TopDownExampleMap.TopDownExampleMap:PersistentLevel.TopDownExampleMap' with GeneratedClass '/Game/TopDownBP/Maps/TopDownExampleMap.TopDownExampleMap_C' with ClassGeneratedBy '/Game/TopDownBP/Maps/TopDownExampleMap.TopDownExampleMap:PersistentLevel.TopDownExampleMap'
[2017.01.23-20.59.53:360][ 66]LogBlueprintUserMessages: Late EndPlayMap Detection: Level '/Game/TopDownBP/Maps/TopDownExampleMap.TopDownExampleMap:PersistentLevel' has LevelScriptBlueprint '/Game/TopDownBP/Maps/TopDownExampleMap.TopDownExampleMap:PersistentLevel.TopDownExampleMap' with GeneratedClass '/Game/TopDownBP/Maps/TopDownExampleMap.TopDownExampleMap_C' with ClassGeneratedBy '/Game/TopDownBP/Maps/TopDownExampleMap.TopDownExampleMap:PersistentLevel.TopDownExampleMap'
[2017.01.23-21.00.29:646][459]LogSavePackage: Save=201.02ms
[2017.01.23-21.00.29:646][459]LogSavePackage: Moving '../../../../../../Users/Ryan Sobczak/Desktop/godTraffic/prototype/Saved/TopDownExampleMap_Auto29B60645845BEFEF53C0950B9E5122325.tmp' to '../../../../../../Users/Ryan Sobczak/Desktop/godTraffic/prototype/Saved/Autosaves/Game/TopDownBP/Maps/TopDownExampleMap_Auto2.umap'
[2017.01.23-21.00.29:648][459]LogSavePackage:Display: Finished SavePackage ../../../../../../Users/Ryan Sobczak/Desktop/godTraffic/prototype/Saved/Autosaves/Game/TopDownBP/Maps/TopDownExampleMap_Auto2.umap
[2017.01.23-21.00.29:649][459]LogFileHelpers: Editor autosave (incl. sublevels) for '/Game/TopDownBP/Maps/TopDownExampleMap' took 0.239
[2017.01.23-21.00.29:649][459]LogFileHelpers: Editor autosave (incl. sublevels) for all levels took 0.239
[2017.01.23-21.00.29:651][459]OBJ SavePackage: Generating thumbnails for [0] asset(s) in package [/Game/Blueprints/TargetLocationBP] ([1] browsable assets)...
[2017.01.23-21.00.29:651][459]OBJ SavePackage: Finished generating thumbnails for package [/Game/Blueprints/TargetLocationBP]
[2017.01.23-21.00.29:659][459]LogSavePackage: Save=6.50ms
[2017.01.23-21.00.29:659][459]LogSavePackage: Moving '../../../../../../Users/Ryan Sobczak/Desktop/godTraffic/prototype/Saved/TargetLocationBP_Auto256AA7D1940A9AA3F01860F96BB522E43.tmp' to '../../../../../../Users/Ryan Sobczak/Desktop/godTraffic/prototype/Saved/Autosaves/Game/Blueprints/TargetLocationBP_Auto2.uasset'
[2017.01.23-21.00.29:674][459]LogSavePackage:Display: Finished SavePackage ../../../../../../Users/Ryan Sobczak/Desktop/godTraffic/prototype/Saved/Autosaves/Game/Blueprints/TargetLocationBP_Auto2.uasset
[2017.01.23-21.00.29:674][459]LogFileHelpers: Auto-saving content packages took 0.023
[2017.01.23-21.00.54:680][538]LogSavePackage: Save=195.43ms
[2017.01.23-21.00.54:680][538]LogSavePackage: Moving '../../../../../../Users/Ryan Sobczak/Desktop/godTraffic/prototype/Saved/TopDownExampleMapB884BB234BF4EE915AE539AF4E270630.tmp' to '../../../../../../Users/Ryan Sobczak/Desktop/godTraffic/prototype/Content/TopDownBP/Maps/TopDownExampleMap.umap'
[2017.01.23-21.00.54:683][538]LogSavePackage:Display: Finished SavePackage ../../../../../../Users/Ryan Sobczak/Desktop/godTraffic/prototype/Content/TopDownBP/Maps/TopDownExampleMap.umap
[2017.01.23-21.38.00:932][191]Cmd: QUIT_EDITOR
[2017.01.23-21.38.01:753][191]LogWindowsTextInputMethodSystem:Display: IME system now deactivated.
[2017.01.23-21.38.01:804][191]LogExit: Preparing to exit.
[2017.01.23-21.38.02:098][191]LogDirectoryWatcher: A directory notification for 'C:/Users/Ryan Sobczak/Desktop/godTraffic/prototype/Content/' was aborted.
[2017.01.23-21.38.02:159][191]LogExit: Editor shut down
[2017.01.23-21.38.02:159][191]LogExit: Transaction tracking system shut down
[2017.01.23-21.38.02:324][191]LogObj: Freed 0b from 0 cluster array pools.
[2017.01.23-21.38.02:324][191]LogExit: Object subsystem successfully closed.
[2017.01.23-21.38.02:337][191]LogD3D11RHI: Shutdown
[2017.01.23-21.38.02:337][191]LogD3D11RHI: CleanupD3DDevice
[2017.01.23-21.38.02:433][191]LogD3D11RHI: ~FD3D11DynamicRHI
[2017.01.23-21.38.02:474][191]LogModuleManager: Shutting down and abandoning module DistCurveEditor (238)
[2017.01.23-21.38.02:474][191]LogModuleManager: Shutting down and abandoning module Cascade (237)
[2017.01.23-21.38.02:474][191]LogModuleManager: Shutting down and abandoning module BlueprintGraph (236)
[2017.01.23-21.38.02:474][191]LogModuleManager: Shutting down and abandoning module BlueprintProfiler (235)
[2017.01.23-21.38.02:481][191]LogModuleManager: Shutting down and abandoning module MovieSceneCapture (234)
[2017.01.23-21.38.02:481][191]LogModuleManager: Shutting down and abandoning module HierarchicalLODOutliner (233)
[2017.01.23-21.38.02:481][191]LogModuleManager: Shutting down and abandoning module CrashTracker (232)
[2017.01.23-21.38.02:481][191]LogModuleManager: Shutting down and abandoning module SceneOutliner (231)
[2017.01.23-21.38.02:481][191]LogModuleManager: Shutting down and abandoning module WidgetCarousel (230)
[2017.01.23-21.38.02:481][191]LogModuleManager: Shutting down and abandoning module AddContentDialog (229)
[2017.01.23-21.38.02:481][191]LogDirectoryWatcher: A directory notification for 'C:/Program Files (x86)/Epic Games/4.13/FeaturePacks/' was aborted.
[2017.01.23-21.38.02:482][191]LogModuleManager: Shutting down and abandoning module GameplayTags (228)
[2017.01.23-21.38.02:482][191]LogModuleManager: Shutting down and abandoning module EditorWidgets (227)
[2017.01.23-21.38.02:482][191]LogModuleManager: Shutting down and abandoning module CollectionManager (226)
[2017.01.23-21.38.02:482][191]LogDirectoryWatcher: A directory notification for 'C:/Users/Ryan Sobczak/Desktop/godTraffic/prototype/Content/Collections/' was aborted.
[2017.01.23-21.38.02:482][191]LogDirectoryWatcher: A directory notification for 'C:/Users/Ryan Sobczak/Desktop/godTraffic/prototype/Content/Developers/RyanSobczak/Collections/' was aborted.
[2017.01.23-21.38.02:482][191]LogDirectoryWatcher: A directory notification for 'C:/Users/Ryan Sobczak/Desktop/godTraffic/prototype/Saved/Collections/' was aborted.
[2017.01.23-21.38.02:482][191]LogModuleManager: Shutting down and abandoning module StatsViewer (225)
[2017.01.23-21.38.02:483][191]LogModuleManager: Shutting down and abandoning module FoliageEdit (224)
[2017.01.23-21.38.02:483][191]LogModuleManager: Shutting down and abandoning module LandscapeEditor (223)
[2017.01.23-21.38.02:483][191]LogModuleManager: Shutting down and abandoning module SceneDepthPickerMode (222)
[2017.01.23-21.38.02:483][191]LogModuleManager: Shutting down and abandoning module ActorPickerMode (221)
[2017.01.23-21.38.02:483][191]LogModuleManager: Shutting down and abandoning module GeometryMode (220)
[2017.01.23-21.38.02:483][191]LogModuleManager: Shutting down and abandoning module TextureAlignMode (219)
[2017.01.23-21.38.02:483][191]LogModuleManager: Shutting down and abandoning module BspMode (218)
[2017.01.23-21.38.02:483][191]LogModuleManager: Shutting down and abandoning module HardwareSurvey (217)
[2017.01.23-21.38.02:483][191]LogModuleManager: Shutting down and abandoning module SequenceRecorderSections (216)
[2017.01.23-21.38.02:483][191]LogModuleManager: Shutting down and abandoning module SequenceRecorder (215)
[2017.01.23-21.38.02:483][191]LogModuleManager: Shutting down and abandoning module AutomationWorker (214)
[2017.01.23-21.38.02:483][191]LogModuleManager: Shutting down and abandoning module MatineeToLevelSequence (213)
[2017.01.23-21.38.02:483][191]LogModuleManager: Shutting down and abandoning module PlacementMode (212)
[2017.01.23-21.38.02:483][191]LogModuleManager: Shutting down and abandoning module LevelSequenceEditor (211)
[2017.01.23-21.38.02:483][191]LogModuleManager: Shutting down and abandoning module WmfMediaFactory (210)
[2017.01.23-21.38.02:483][191]LogModuleManager: Shutting down and abandoning module WmfMediaEditor (209)
[2017.01.23-21.38.02:483][191]LogModuleManager: Shutting down and abandoning module AvfMediaFactory (208)
[2017.01.23-21.38.02:483][191]LogModuleManager: Shutting down and abandoning module AvfMediaEditor (207)
[2017.01.23-21.38.02:483][191]LogModuleManager: Shutting down and abandoning module Media (206)
[2017.01.23-21.38.02:483][191]LogModuleManager: Shutting down and abandoning module AndroidMediaFactory (205)
[2017.01.23-21.38.02:483][191]LogModuleManager: Shutting down and abandoning module AndroidMediaEditor (204)
[2017.01.23-21.38.02:483][191]LogModuleManager: Shutting down and abandoning module CharacterAI (203)
[2017.01.23-21.38.02:483][191]LogModuleManager: Shutting down and abandoning module SmartSnapping (202)
[2017.01.23-21.38.02:483][191]LogModuleManager: Shutting down and abandoning module SessionServices (201)
[2017.01.23-21.38.02:483][191]LogModuleManager: Shutting down and abandoning module ViewportSnapping (200)
[2017.01.23-21.38.02:483][191]LogModuleManager: Shutting down and abandoning module ViewportInteraction (199)
[2017.01.23-21.38.02:483][191]LogModuleManager: Shutting down and abandoning module LogVisualizer (198)
[2017.01.23-21.38.02:483][191]LogModuleManager: Shutting down and abandoning module GameProjectGeneration (197)
[2017.01.23-21.38.02:483][191]LogModuleManager: Shutting down and abandoning module IntroTutorials (196)
[2017.01.23-21.38.02:483][191]LogModuleManager: Shutting down and abandoning module EditorLiveStreaming (195)
[2017.01.23-21.38.02:483][191]LogModuleManager: Shutting down and abandoning module IOSPlatformEditor (194)
[2017.01.23-21.38.02:483][191]LogModuleManager: Shutting down and abandoning module HTML5PlatformEditor (193)
[2017.01.23-21.38.02:483][191]LogModuleManager: Shutting down and abandoning module AndroidDeviceDetection (192)
[2017.01.23-21.38.02:956][191]LogModuleManager: Shutting down and abandoning module AndroidPlatformEditor (191)
[2017.01.23-21.38.02:956][191]LogModuleManager: Shutting down and abandoning module IOSRuntimeSettings (190)
[2017.01.23-21.38.02:956][191]LogModuleManager: Shutting down and abandoning module AndroidRuntimeSettings (189)
[2017.01.23-21.38.02:956][191]LogModuleManager: Shutting down and abandoning module NiagaraEditor (188)
[2017.01.23-21.38.02:956][191]LogModuleManager: Shutting down and abandoning module MergeActors (187)
[2017.01.23-21.38.02:956][191]LogModuleManager: Shutting down and abandoning module SizeMap (186)
[2017.01.23-21.38.02:956][191]LogModuleManager: Shutting down and abandoning module TreeMap (185)
[2017.01.23-21.38.02:956][191]LogModuleManager: Shutting down and abandoning module ReferenceViewer (184)
[2017.01.23-21.38.02:956][191]LogModuleManager: Shutting down and abandoning module LocalizationService (183)
[2017.01.23-21.38.02:956][191]LogModuleManager: Shutting down and abandoning module LocalizationDashboard (182)
[2017.01.23-21.38.02:956][191]LogModuleManager: Shutting down and abandoning module HardwareTargeting (181)
[2017.01.23-21.38.02:956][191]LogModuleManager: Shutting down and abandoning module DeviceProfileEditor (180)
[2017.01.23-21.38.02:956][191]LogModuleManager: Shutting down and abandoning module UndoHistory (179)
[2017.01.23-21.38.02:956][191]LogModuleManager: Shutting down and abandoning module UserFeedback (178)
[2017.01.23-21.38.02:956][191]LogModuleManager: Shutting down and abandoning module XmlParser (177)
[2017.01.23-21.38.02:956][191]LogModuleManager: Shutting down and abandoning module Blutility (176)
[2017.01.23-21.38.02:956][191]LogModuleManager: Shutting down and abandoning module ProjectTargetPlatformEditor (175)
[2017.01.23-21.38.02:956][191]LogModuleManager: Shutting down and abandoning module ProjectSettingsViewer (174)
[2017.01.23-21.38.02:956][191]LogModuleManager: Shutting down and abandoning module InputBindingEditor (173)
[2017.01.23-21.38.02:956][191]LogModuleManager: Shutting down and abandoning module EditorSettingsViewer (172)
[2017.01.23-21.38.02:957][191]LogModuleManager: Shutting down and abandoning module SettingsEditor (171)
[2017.01.23-21.38.02:957][191]LogModuleManager: Shutting down and abandoning module ProjectLauncher (170)
[2017.01.23-21.38.02:957][191]LogModuleManager: Shutting down and abandoning module SessionFrontend (169)
[2017.01.23-21.38.02:957][191]LogModuleManager: Shutting down and abandoning module ProfilerClient (168)
[2017.01.23-21.38.02:957][191]LogModuleManager: Shutting down and abandoning module TargetDeviceServices (167)
[2017.01.23-21.38.02:957][191]LogModuleManager: Shutting down and abandoning module DeviceManager (166)
[2017.01.23-21.38.03:001][191]LogModuleManager: Shutting down and abandoning module AutomationController (165)
[2017.01.23-21.38.03:001][191]LogModuleManager: Shutting down and abandoning module AutomationWindow (164)
[2017.01.23-21.38.03:001][191]LogModuleManager: Shutting down and abandoning module Layers (163)
[2017.01.23-21.38.03:001][191]LogModuleManager: Shutting down and abandoning module ComponentVisualizers (162)
[2017.01.23-21.38.03:001][191]LogModuleManager: Shutting down and abandoning module DetailCustomizations (161)
[2017.01.23-21.38.03:001][191]LogModuleManager: Shutting down and abandoning module PackagesDialog (160)
[2017.01.23-21.38.03:001][191]LogModuleManager: Shutting down and abandoning module AnimGraph (159)
[2017.01.23-21.38.03:001][191]LogModuleManager: Shutting down and abandoning module Persona (158)
[2017.01.23-21.38.03:001][191]LogModuleManager: Shutting down and abandoning module Kismet (157)
[2017.01.23-21.38.03:006][191]LogModuleManager: Shutting down and abandoning module GraphEditor (156)
[2017.01.23-21.38.03:006][191]LogModuleManager: Shutting down and abandoning module ClassViewer (155)
[2017.01.23-21.38.03:008][191]LogModuleManager: Shutting down and abandoning module Toolbox (154)
[2017.01.23-21.38.03:008][191]LogModuleManager: Shutting down and abandoning module ModuleUI (153)
[2017.01.23-21.38.03:008][191]LogModuleManager: Shutting down and abandoning module MovieSceneTools (152)
[2017.01.23-21.38.03:008][191]LogModuleManager: Shutting down and abandoning module OutputLog (151)
[2017.01.23-21.38.03:008][191]LogModuleManager: Shutting down and abandoning module GammaUI (150)
[2017.01.23-21.38.03:008][191]LogModuleManager: Shutting down and abandoning module Documentation (149)
[2017.01.23-21.38.03:008][191]LogModuleManager: Shutting down and abandoning module Niagara (148)
[2017.01.23-21.38.03:008][191]LogModuleManager: Shutting down and abandoning module StreamingPauseRendering (147)
[2017.01.23-21.38.03:008][191]LogModuleManager: Shutting down and abandoning module AnalyticsET (146)
[2017.01.23-21.38.03:008][191]LogModuleManager: Shutting down and abandoning module PortalServices (145)
[2017.01.23-21.38.03:008][191]LogModuleManager: Shutting down and abandoning module PortalRpc (144)
[2017.01.23-21.38.03:008][191]LogModuleManager: Shutting down and abandoning module MessagingRpc (143)
[2017.01.23-21.38.03:008][191]LogModuleManager: Shutting down and abandoning module GameplayDebugger (142)
[2017.01.23-21.38.03:008][191]LogModuleManager: Shutting down and abandoning module AITestSuite (141)
[2017.01.23-21.38.03:008][191]LogModuleManager: Shutting down and abandoning module AIModule (140)
[2017.01.23-21.38.03:008][191]LogModuleManager: Shutting down and abandoning module ProfilerService (139)
[2017.01.23-21.38.03:137][191]LogModuleManager: Shutting down and abandoning module TaskGraph (138)
[2017.01.23-21.38.03:137][191]LogModuleManager: Shutting down and abandoning module SlateRemote (137)
[2017.01.23-21.38.03:137][191]LogModuleManager: Shutting down and abandoning module SteamVRController (136)
[2017.01.23-21.38.03:137][191]LogModuleManager: Shutting down and abandoning module SteamVR (135)
[2017.01.23-21.38.03:137][191]LogModuleManager: Shutting down and abandoning module ProceduralMeshComponentEditor (134)
[2017.01.23-21.38.03:137][191]LogModuleManager: Shutting down and abandoning module ProceduralMeshComponent (133)
[2017.01.23-21.38.03:137][191]LogModuleManager: Shutting down and abandoning module OculusLibrary (132)
[2017.01.23-21.38.03:137][191]LogModuleManager: Shutting down and abandoning module OculusInput (131)
[2017.01.23-21.38.03:137][191]LogModuleManager: Shutting down and abandoning module CustomMeshComponent (130)
[2017.01.23-21.38.03:137][191]LogModuleManager: Shutting down and abandoning module CableComponent (129)
[2017.01.23-21.38.03:137][191]LogModuleManager: Shutting down and abandoning module ArchVisCharacter (128)
[2017.01.23-21.38.03:137][191]LogModuleManager: Shutting down and abandoning module MediaPlayerEditor (126)
[2017.01.23-21.38.03:137][191]LogModuleManager: Shutting down and abandoning module HTML5Networking (125)
[2017.01.23-21.38.03:137][191]LogModuleManager: Shutting down and abandoning module GeometryCacheEd (124)
[2017.01.23-21.38.03:137][191]LogModuleManager: Shutting down and abandoning module GeometryCache (123)
[2017.01.23-21.38.03:137][191]LogModuleManager: Shutting down and abandoning module AlembicLibrary (122)
[2017.01.23-21.38.03:137][191]LogModuleManager: Shutting down and abandoning module AlembicImporter (121)
[2017.01.23-21.38.03:137][191]LogModuleManager: Shutting down and abandoning module SuperSearch (120)
[2017.01.23-21.38.03:137][191]LogModuleManager: Shutting down and abandoning module SuperSearchEditor (119)
[2017.01.23-21.38.03:137][191]LogModuleManager: Shutting down and abandoning module SpeedTreeImporter (118)
[2017.01.23-21.38.03:137][191]LogModuleManager: Shutting down and abandoning module PluginBrowser (117)
[2017.01.23-21.38.03:137][191]LogModuleManager: Shutting down and abandoning module MobileLauncherProfileWizard (116)
[2017.01.23-21.38.03:137][191]LogModuleManager: Shutting down and abandoning module EpicSurvey (115)
[2017.01.23-21.38.03:137][191]LogModuleManager: Shutting down and abandoning module DesktopPlatform (114)
[2017.01.23-21.38.03:137][191]LogModuleManager: Shutting down and abandoning module VisualStudioSourceCodeAccess (113)
[2017.01.23-21.38.03:137][191]LogModuleManager: Shutting down and abandoning module UObjectPlugin (112)
[2017.01.23-21.38.03:137][191]LogModuleManager: Shutting down and abandoning module SubversionSourceControl (111)
[2017.01.23-21.38.03:137][191]LogModuleManager: Shutting down and abandoning module PerforceSourceControl (110)
[2017.01.23-21.38.03:137][191]LogModuleManager: Shutting down and abandoning module SourceControl (109)
[2017.01.23-21.38.03:138][191]LogModuleManager: Shutting down and abandoning module GitSourceControl (108)
[2017.01.23-21.38.03:138][191]LogModuleManager: Shutting down and abandoning module LightPropagationVolumeEditor (107)
[2017.01.23-21.38.03:138][191]LogModuleManager: Shutting down and abandoning module PaperTiledImporter (106)
[2017.01.23-21.38.03:138][191]LogModuleManager: Shutting down and abandoning module PaperSpriteSheetImporter (105)
[2017.01.23-21.38.03:138][191]LogModuleManager: Shutting down and abandoning module MeshPaint (104)
[2017.01.23-21.38.03:138][191]LogModuleManager: Shutting down and abandoning module FbxAutomationBuilderModule (103)
[2017.01.23-21.38.03:138][191]LogModuleManager: Shutting down and abandoning module PixelInspectorModule (102)
[2017.01.23-21.38.03:138][191]LogModuleManager: Shutting down and abandoning module HotReload (101)
[2017.01.23-21.38.03:139][191]LogModuleManager: Shutting down and abandoning module MainFrame (100)
[2017.01.23-21.38.03:139][191]LogModuleManager: Shutting down and abandoning module LevelEditor (99)
[2017.01.23-21.38.03:140][191]LogModuleManager: Shutting down and abandoning module ContentBrowser (98)
[2017.01.23-21.38.03:142][191]LogModuleManager: Shutting down and abandoning module Paper2DEditor (97)
[2017.01.23-21.38.03:142][191]LogModuleManager: Shutting down and abandoning module UdpMessaging (96)
[2017.01.23-21.38.03:244][191]LogModuleManager: Shutting down and abandoning module TcpMessaging (95)
[2017.01.23-21.38.03:344][191]LogModuleManager: Shutting down and abandoning module LightPropagationVolumeRuntime (94)
[2017.01.23-21.38.03:344][191]LogModuleManager: Shutting down and abandoning module Paper2D (93)
[2017.01.23-21.38.03:344][191]LogModuleManager: Shutting down and abandoning module WindowsMoviePlayer (92)
[2017.01.23-21.38.03:344][191]LogModuleManager: Shutting down and abandoning module WmfMedia (91)
[2017.01.23-21.38.03:344][191]LogModuleManager: Shutting down and abandoning module MediaAssets (90)
[2017.01.23-21.38.03:344][191]LogModuleManager: Shutting down and abandoning module GameLiveStreaming (89)
[2017.01.23-21.38.03:344][191]LogModuleManager: Shutting down and abandoning module GameplayTagsEditor (88)
[2017.01.23-21.38.03:344][191]LogModuleManager: Shutting down and abandoning module VREditor (87)
[2017.01.23-21.38.03:344][191]LogModuleManager: Shutting down and abandoning module GameplayTasksEditor (86)
[2017.01.23-21.38.03:344][191]LogModuleManager: Shutting down and abandoning module PropertyEditor (85)
[2017.01.23-21.38.03:344][191]LogModuleManager: Shutting down and abandoning module BehaviorTreeEditor (84)
[2017.01.23-21.38.03:344][191]LogModuleManager: Shutting down and abandoning module FunctionalTesting (83)
[2017.01.23-21.38.03:344][191]LogModuleManager: Shutting down and abandoning module CollisionAnalyzer (82)
[2017.01.23-21.38.03:345][191]LogModuleManager: Shutting down and abandoning module Sequencer (81)
[2017.01.23-21.38.03:345][191]LogModuleManager: Shutting down and abandoning module WorkspaceMenuStructure (80)
[2017.01.23-21.38.03:345][191]LogModuleManager: Shutting down and abandoning module MessageLog (79)
[2017.01.23-21.38.03:345][191]LogModuleManager: Shutting down and abandoning module AssetTools (78)
[2017.01.23-21.38.03:345][191]LogModuleManager: Shutting down and abandoning module UMGEditor (77)
[2017.01.23-21.38.03:345][191]LogModuleManager: Shutting down and abandoning module UMG (76)
[2017.01.23-21.38.03:345][191]LogModuleManager: Shutting down and abandoning module SlateReflector (75)
[2017.01.23-21.38.03:345][191]LogModuleManager: Shutting down and abandoning module Slate (74)
[2017.01.23-21.38.03:345][191]LogModuleManager: Shutting down and abandoning module EditorStyle (73)
[2017.01.23-21.38.03:352][191]LogModuleManager: Shutting down and abandoning module SourceCodeAccess (72)
[2017.01.23-21.38.03:352][191]LogModuleManager: Shutting down and abandoning module HeadMountedDisplay (71)
[2017.01.23-21.38.03:352][191]LogModuleManager: Shutting down and abandoning module XAudio2 (70)
[2017.01.23-21.38.03:352][191]LogModuleManager: Shutting down and abandoning module Networking (68)
[2017.01.23-21.38.03:352][191]LogModuleManager: Shutting down and abandoning module Core (67)
[2017.01.23-21.38.03:352][191]LogModuleManager: Shutting down and abandoning module DirectoryWatcher (66)
[2017.01.23-21.38.03:352][191]LogDirectoryWatcher: A directory notification for '../../../Engine/Content/' was aborted.
[2017.01.23-21.38.03:352][191]LogDirectoryWatcher: A directory notification for '../../../../../../Users/Ryan Sobczak/Desktop/godTraffic/prototype/Content/' was aborted.
[2017.01.23-21.38.03:352][191]LogDirectoryWatcher: A directory notification for '../../../Engine/Plugins/2D/Paper2D/Content/' was aborted.
[2017.01.23-21.38.03:353][191]LogModuleManager: Shutting down and abandoning module AssetRegistry (65)
[2017.01.23-21.38.03:607][191]LogModuleManager: Shutting down and abandoning module KismetCompiler (64)
[2017.01.23-21.38.03:607][191]LogModuleManager: Shutting down and abandoning module PhysXFormats (63)
[2017.01.23-21.38.03:607][191]LogModuleManager: Shutting down and abandoning module MeshUtilities (62)
[2017.01.23-21.38.03:607][191]LogModuleManager: Shutting down and abandoning module DerivedDataCache (61)
[2017.01.23-21.38.03:633][191]LogDerivedDataCache: Shutdown
[2017.01.23-21.38.03:633][191]LogModuleManager: Shutting down and abandoning module VulkanShaderFormat (60)
[2017.01.23-21.38.03:633][191]LogModuleManager: Shutting down and abandoning module ShaderFormatOpenGL (59)
[2017.01.23-21.38.03:633][191]LogModuleManager: Shutting down and abandoning module ShaderFormatD3D (58)
[2017.01.23-21.38.03:633][191]LogModuleManager: Shutting down and abandoning module MetalShaderFormat (57)
[2017.01.23-21.38.03:633][191]LogModuleManager: Shutting down and abandoning module TextureFormatUncompressed (56)
[2017.01.23-21.38.03:633][191]LogModuleManager: Shutting down and abandoning module TextureFormatPVR (55)
[2017.01.23-21.38.03:633][191]LogModuleManager: Shutting down and abandoning module TextureFormatDXT (54)
[2017.01.23-21.38.03:633][191]LogModuleManager: Shutting down and abandoning module TextureFormatIntelISPCTexComp (53)
[2017.01.23-21.38.03:634][191]LogModuleManager: Shutting down and abandoning module ImageWrapper (52)
[2017.01.23-21.38.03:634][191]LogModuleManager: Shutting down and abandoning module TextureFormatASTC (51)
[2017.01.23-21.38.03:634][191]LogModuleManager: Shutting down and abandoning module TextureFormatAndroid (50)
[2017.01.23-21.38.03:634][191]LogModuleManager: Shutting down and abandoning module AudioFormatOpus (49)
[2017.01.23-21.38.03:634][191]LogModuleManager: Shutting down and abandoning module AudioFormatOgg (48)
[2017.01.23-21.38.03:634][191]LogModuleManager: Shutting down and abandoning module AudioFormatADPCM (47)
[2017.01.23-21.38.03:634][191]LogModuleManager: Shutting down and abandoning module LinuxTargetPlatform (46)
[2017.01.23-21.38.03:634][191]LogModuleManager: Shutting down and abandoning module LinuxServerTargetPlatform (45)
[2017.01.23-21.38.03:634][191]LogModuleManager: Shutting down and abandoning module LinuxNoEditorTargetPlatform (44)
[2017.01.23-21.38.03:634][191]LogModuleManager: Shutting down and abandoning module LinuxClientTargetPlatform (43)
[2017.01.23-21.38.03:634][191]LogModuleManager: Shutting down and abandoning module TVOSTargetPlatform (42)
[2017.01.23-21.38.03:634][191]LogModuleManager: Shutting down and abandoning module Messaging (41)
[2017.01.23-21.38.03:634][191]LogModuleManager: Shutting down and abandoning module IOSTargetPlatform (40)
[2017.01.23-21.38.03:634][191]LogModuleManager: Shutting down and abandoning module HTML5TargetPlatform (39)
[2017.01.23-21.38.03:634][191]LogModuleManager: Shutting down and abandoning module Android_PVRTCTargetPlatform (38)
[2017.01.23-21.38.03:634][191]LogModuleManager: Shutting down and abandoning module Android_MultiTargetPlatform (37)
[2017.01.23-21.38.03:634][191]LogModuleManager: Shutting down and abandoning module Android_ETC2TargetPlatform (36)
[2017.01.23-21.38.03:634][191]LogModuleManager: Shutting down and abandoning module Android_ETC1TargetPlatform (35)
[2017.01.23-21.38.03:634][191]LogModuleManager: Shutting down and abandoning module Android_DXTTargetPlatform (34)
[2017.01.23-21.38.03:634][191]LogModuleManager: Shutting down and abandoning module Android_ATCTargetPlatform (33)
[2017.01.23-21.38.03:634][191]LogModuleManager: Shutting down and abandoning module Android_ASTCTargetPlatform (32)
[2017.01.23-21.38.03:634][191]LogModuleManager: Shutting down and abandoning module AndroidTargetPlatform (31)
[2017.01.23-21.38.03:634][191]LogModuleManager: Shutting down and abandoning module WindowsTargetPlatform (30)
[2017.01.23-21.38.03:634][191]LogModuleManager: Shutting down and abandoning module WindowsServerTargetPlatform (29)
[2017.01.23-21.38.03:634][191]LogModuleManager: Shutting down and abandoning module WindowsNoEditorTargetPlatform (28)
[2017.01.23-21.38.03:634][191]LogModuleManager: Shutting down and abandoning module WindowsClientTargetPlatform (27)
[2017.01.23-21.38.03:634][191]LogModuleManager: Shutting down and abandoning module AllDesktopTargetPlatform (26)
[2017.01.23-21.38.03:634][191]LogModuleManager: Shutting down and abandoning module TargetPlatform (25)
[2017.01.23-21.38.03:634][191]LogModuleManager: Shutting down and abandoning module InputCore (24)
[2017.01.23-21.38.03:634][191]LogModuleManager: Shutting down and abandoning module Settings (23)
[2017.01.23-21.38.03:634][191]LogModuleManager: Shutting down and abandoning module OculusRift (22)
[2017.01.23-21.38.03:634][191]LogModuleManager: Shutting down and abandoning module GearVR (21)
[2017.01.23-21.38.03:634][191]LogModuleManager: Shutting down and abandoning module ExampleDeviceProfileSelector (20)
[2017.01.23-21.38.03:634][191]LogModuleManager: Shutting down and abandoning module OnlineBlueprintSupport (19)
[2017.01.23-21.38.03:634][191]LogModuleManager: Shutting down and abandoning module OnlineSubsystem (17)
[2017.01.23-21.38.03:634][191]LogOnline:Display: Unloading online subsystem: NULL
[2017.01.23-21.38.03:634][191]LogModuleManager: Shutting down and abandoning module HTTP (16)
[2017.01.23-21.38.03:634][191]LogHttp:Display: Http module shutting down, but needs to wait on 1 outstanding Http requests:
[2017.01.23-21.38.03:634][191]LogHttp:Display: 	verb=[POST] url=[https://datarouter.ol.epicgames.com/datarouter/api/v1/public/data?SessionID=%7B5F5E7ECD-49CA-0E17-ECEC-DBA136D7565E%7D&AppID=UEEditor.Rocket.Release&AppVersion=4.13.2-3172292%2B%2B%2BUE4%2BRelease-4.13&UserID=35c97e264dc14bb2304ffc82fab700d4%7C6e1620a795d143ed9e7e90917b56ad64%7C3518f840-69c1-4f2d-94a5-f676dbe3b2c8&AppEnvironment=datacollector-binary&UploadType=eteventstream] status=Processing
[2017.01.23-21.38.03:667][191]LogModuleManager: Shutting down and abandoning module XMPP (15)
[2017.01.23-21.38.03:667][191]LogModuleManager: Shutting down and abandoning module TextureCompressor (14)
[2017.01.23-21.38.03:667][191]LogModuleManager: Shutting down and abandoning module ShaderCore (13)
[2017.01.23-21.38.03:667][191]LogModuleManager: Shutting down and abandoning module Landscape (12)
[2017.01.23-21.38.03:667][191]LogModuleManager: Shutting down and abandoning module SlateRHIRenderer (11)
[2017.01.23-21.38.03:682][191]LogModuleManager: Shutting down and abandoning module OpenGLDrv (10)
[2017.01.23-21.38.03:682][191]LogModuleManager: Shutting down and abandoning module D3D11RHI (9)
[2017.01.23-21.38.03:682][191]LogModuleManager: Shutting down and abandoning module AnimGraphRuntime (8)
[2017.01.23-21.38.03:682][191]LogModuleManager: Shutting down and abandoning module Renderer (7)
[2017.01.23-21.38.03:682][191]LogModuleManager: Shutting down and abandoning module Engine (6)
[2017.01.23-21.38.03:682][191]LogModuleManager: Shutting down and abandoning module CoreUObject (5)
[2017.01.23-21.38.03:682][191]LogModuleManager: Shutting down and abandoning module NetworkFile (4)
[2017.01.23-21.38.03:682][191]LogModuleManager: Shutting down and abandoning module StreamingFile (3)
[2017.01.23-21.38.03:683][191]LogModuleManager: Shutting down and abandoning module SandboxFile (2)
[2017.01.23-21.38.03:683][191]LogModuleManager: Shutting down and abandoning module PakFile (1)
[2017.01.23-21.38.03:687][191]LogExit: Exiting.
[2017.01.23-21.38.03:716][191]Log file closed, 01/23/17 16:38:03
