Log file open, 02/03/17 20:50:05
LogInit:Display: Running engine for game: MyProject
LogPlatformFile: Not using cached read wrapper
LogInit:Display: RandInit(-364141219) SRandInit(-364141219).
LogTaskGraph: Started task graph with 5 named threads and 8 total threads with 1 sets of task threads.
LogStats: Stats thread started at 0.070452
LogPluginManager: Loaded Plugin Paper2D, From C:/Program Files (x86)/Epic Games/4.13/Engine/Plugins/2D/Paper2D/Paper2D.uplugin
LogPluginManager: Loaded Plugin LightPropagationVolume, From C:/Program Files (x86)/Epic Games/4.13/Engine/Plugins/Blendables/LightPropagationVolume/LightPropagationVolume.uplugin
LogPluginManager: Loaded Plugin BlankPlugin, From C:/Program Files (x86)/Epic Games/4.13/Engine/Plugins/Developer/BlankPlugin/BlankPlugin.uplugin
LogPluginManager: Loaded Plugin CodeLiteSourceCodeAccess, From C:/Program Files (x86)/Epic Games/4.13/Engine/Plugins/Developer/CodeLiteSourceCodeAccess/CodeLiteSourceCodeAccess.uplugin
LogPluginManager: Loaded Plugin GitSourceControl, From C:/Program Files (x86)/Epic Games/4.13/Engine/Plugins/Developer/GitSourceControl/GitSourceControl.uplugin
LogPluginManager: Loaded Plugin KDevelopSourceCodeAccess, From C:/Program Files (x86)/Epic Games/4.13/Engine/Plugins/Developer/KDevelopSourceCodeAccess/KDevelopSourceCodeAccess.uplugin
LogPluginManager: Loaded Plugin NullSourceCodeAccess, From C:/Program Files (x86)/Epic Games/4.13/Engine/Plugins/Developer/NullSourceCodeAccess/NullSourceCodeAccess.uplugin
LogPluginManager: Loaded Plugin OneSkyLocalizationService, From C:/Program Files (x86)/Epic Games/4.13/Engine/Plugins/Developer/OneSkyLocalizationService/OneSkyLocalizationService.uplugin
LogPluginManager: Loaded Plugin PerforceSourceControl, From C:/Program Files (x86)/Epic Games/4.13/Engine/Plugins/Developer/PerforceSourceControl/PerforceSourceControl.uplugin
LogPluginManager: Loaded Plugin SubversionSourceControl, From C:/Program Files (x86)/Epic Games/4.13/Engine/Plugins/Developer/SubversionSourceControl/SubversionSourceControl.uplugin
LogPluginManager: Loaded Plugin UObjectPlugin, From C:/Program Files (x86)/Epic Games/4.13/Engine/Plugins/Developer/UObjectPlugin/UObjectPlugin.uplugin
LogPluginManager: Loaded Plugin VisualStudioSourceCodeAccess, From C:/Program Files (x86)/Epic Games/4.13/Engine/Plugins/Developer/VisualStudioSourceCodeAccess/VisualStudioSourceCodeAccess.uplugin
LogPluginManager: Loaded Plugin XCodeSourceCodeAccess, From C:/Program Files (x86)/Epic Games/4.13/Engine/Plugins/Developer/XCodeSourceCodeAccess/XCodeSourceCodeAccess.uplugin
LogPluginManager: Loaded Plugin EpicSurvey, From C:/Program Files (x86)/Epic Games/4.13/Engine/Plugins/Editor/EpicSurvey/EpicSurvey.uplugin
LogPluginManager: Loaded Plugin MacGraphicsSwitching, From C:/Program Files (x86)/Epic Games/4.13/Engine/Plugins/Editor/MacGraphicsSwitching/MacGraphicsSwitching.uplugin
LogPluginManager: Loaded Plugin MobileLauncherProfileWizard, From C:/Program Files (x86)/Epic Games/4.13/Engine/Plugins/Editor/MobileLauncherProfileWizard/MobileLauncherProfileWizard.uplugin
LogPluginManager: Loaded Plugin PluginBrowser, From C:/Program Files (x86)/Epic Games/4.13/Engine/Plugins/Editor/PluginBrowser/PluginBrowser.uplugin
LogPluginManager: Loaded Plugin SpeedTreeImporter, From C:/Program Files (x86)/Epic Games/4.13/Engine/Plugins/Editor/SpeedTreeImporter/SpeedTreeImporter.uplugin
LogPluginManager: Loaded Plugin SuperSearchEditor, From C:/Program Files (x86)/Epic Games/4.13/Engine/Plugins/Editor/SuperSearchEditor/SuperSearchEditor.uplugin
LogPluginManager: Loaded Plugin AlembicImporter, From C:/Program Files (x86)/Epic Games/4.13/Engine/Plugins/Experimental/AlembicImporter/AlembicImporter.uplugin
LogPluginManager: Loaded Plugin BlueprintStats, From C:/Program Files (x86)/Epic Games/4.13/Engine/Plugins/Experimental/BlueprintStats/BlueprintStats.uplugin
LogPluginManager: Loaded Plugin CharacterAI, From C:/Program Files (x86)/Epic Games/4.13/Engine/Plugins/Experimental/CharacterAI/CharacterAI.uplugin
LogPluginManager: Loaded Plugin CodeEditor, From C:/Program Files (x86)/Epic Games/4.13/Engine/Plugins/Experimental/CodeEditor/CodeEditor.uplugin
LogPluginManager: Loaded Plugin CodeView, From C:/Program Files (x86)/Epic Games/4.13/Engine/Plugins/Experimental/CodeView/CodeView.uplugin
LogPluginManager: Loaded Plugin HTML5Networking, From C:/Program Files (x86)/Epic Games/4.13/Engine/Plugins/Experimental/HTML5Networking/HTML5Networking.uplugin
LogPluginManager: Loaded Plugin LiveEditor, From C:/Program Files (x86)/Epic Games/4.13/Engine/Plugins/Experimental/LiveEditor/LiveEditor.uplugin
LogPluginManager: Loaded Plugin OSVR, From C:/Program Files (x86)/Epic Games/4.13/Engine/Plugins/Experimental/OSVR/OSVR.uplugin
LogPluginManager: Loaded Plugin Phya, From C:/Program Files (x86)/Epic Games/4.13/Engine/Plugins/Experimental/Phya/Phya.uplugin
LogPluginManager: Loaded Plugin SignificanceManager, From C:/Program Files (x86)/Epic Games/4.13/Engine/Plugins/Experimental/SignificanceManager/SignificanceManager.uplugin
LogPluginManager: Loaded Plugin SimpleHMD, From C:/Program Files (x86)/Epic Games/4.13/Engine/Plugins/Experimental/SimpleHMD/SimpleHMD.uplugin
LogPluginManager: Loaded Plugin StereoPanorama, From C:/Program Files (x86)/Epic Games/4.13/Engine/Plugins/Experimental/StereoPanorama/StereoPanorama.uplugin
LogPluginManager: Loaded Plugin StructBox, From C:/Program Files (x86)/Epic Games/4.13/Engine/Plugins/Experimental/StructBox/StructBox.uplugin
LogPluginManager: Loaded Plugin AndroidMedia, From C:/Program Files (x86)/Epic Games/4.13/Engine/Plugins/Media/AndroidMedia/AndroidMedia.uplugin
LogPluginManager: Loaded Plugin AvfMedia, From C:/Program Files (x86)/Epic Games/4.13/Engine/Plugins/Media/AvfMedia/AvfMedia.uplugin
LogPluginManager: Loaded Plugin MediaPlayerEditor, From C:/Program Files (x86)/Epic Games/4.13/Engine/Plugins/Media/MediaPlayerEditor/MediaPlayerEditor.uplugin
LogPluginManager: Loaded Plugin WmfMedia, From C:/Program Files (x86)/Epic Games/4.13/Engine/Plugins/Media/WmfMedia/WmfMedia.uplugin
LogPluginManager: Loaded Plugin MessagingDebugger, From C:/Program Files (x86)/Epic Games/4.13/Engine/Plugins/Messaging/MessagingDebugger/MessagingDebugger.uplugin
LogPluginManager: Loaded Plugin TcpMessaging, From C:/Program Files (x86)/Epic Games/4.13/Engine/Plugins/Messaging/TcpMessaging/TcpMessaging.uplugin
LogPluginManager: Loaded Plugin UdpMessaging, From C:/Program Files (x86)/Epic Games/4.13/Engine/Plugins/Messaging/UdpMessaging/UdpMessaging.uplugin
LogPluginManager: Loaded Plugin LevelSequenceEditor, From C:/Program Files (x86)/Epic Games/4.13/Engine/Plugins/MovieScene/LevelSequenceEditor/LevelSequenceEditor.uplugin
LogPluginManager: Loaded Plugin MatineeToLevelSequence, From C:/Program Files (x86)/Epic Games/4.13/Engine/Plugins/MovieScene/MatineeToLevelSequence/MatineeToLevelSequence.uplugin
LogPluginManager: Loaded Plugin NetcodeUnitTest, From C:/Program Files (x86)/Epic Games/4.13/Engine/Plugins/NetcodeUnitTest/NetcodeUnitTest/NetcodeUnitTest.uplugin
LogPluginManager: Loaded Plugin NUTUnrealEngine4, From C:/Program Files (x86)/Epic Games/4.13/Engine/Plugins/NetcodeUnitTest/NUTUnrealEngine4/NUTUnrealEngine4.uplugin
LogPluginManager: Loaded Plugin OnlineSubsystemGooglePlay, From C:/Program Files (x86)/Epic Games/4.13/Engine/Plugins/Online/Android/OnlineSubsystemGooglePlay/OnlineSubsystemGooglePlay.uplugin
LogPluginManager: Loaded Plugin OnlineSubsystemIOS, From C:/Program Files (x86)/Epic Games/4.13/Engine/Plugins/Online/IOS/OnlineSubsystemIOS/OnlineSubsystemIOS.uplugin
LogPluginManager: Loaded Plugin OnlineFramework, From C:/Program Files (x86)/Epic Games/4.13/Engine/Plugins/Online/OnlineFramework/OnlineFramework.uplugin
LogPluginManager: Loaded Plugin OnlineSubsystem, From C:/Program Files (x86)/Epic Games/4.13/Engine/Plugins/Online/OnlineSubsystem/OnlineSubsystem.uplugin
LogPluginManager: Loaded Plugin OnlineSubsystemAmazon, From C:/Program Files (x86)/Epic Games/4.13/Engine/Plugins/Online/OnlineSubsystemAmazon/OnlineSubsystemAmazon.uplugin
LogPluginManager: Loaded Plugin OnlineSubsystemFacebook, From C:/Program Files (x86)/Epic Games/4.13/Engine/Plugins/Online/OnlineSubsystemFacebook/OnlineSubsystemFacebook.uplugin
LogPluginManager: Loaded Plugin OnlineSubsystemNull, From C:/Program Files (x86)/Epic Games/4.13/Engine/Plugins/Online/OnlineSubsystemNull/OnlineSubsystemNull.uplugin
LogPluginManager: Loaded Plugin OnlineSubsystemOculus, From C:/Program Files (x86)/Epic Games/4.13/Engine/Plugins/Online/OnlineSubsystemOculus/OnlineSubsystemOculus.uplugin
LogPluginManager: Loaded Plugin OnlineSubsystemSteam, From C:/Program Files (x86)/Epic Games/4.13/Engine/Plugins/Online/OnlineSubsystemSteam/OnlineSubsystemSteam.uplugin
LogPluginManager: Loaded Plugin OnlineSubsystemUtils, From C:/Program Files (x86)/Epic Games/4.13/Engine/Plugins/Online/OnlineSubsystemUtils/OnlineSubsystemUtils.uplugin
LogPluginManager: Loaded Plugin IOSTapJoy, From C:/Program Files (x86)/Epic Games/4.13/Engine/Plugins/Runtime/Advertising/IOSTapJoy/IOSTapJoy.uplugin
LogPluginManager: Loaded Plugin AnalyticsBlueprintLibrary, From C:/Program Files (x86)/Epic Games/4.13/Engine/Plugins/Runtime/Analytics/AnalyticsBlueprintLibrary/AnalyticsBlueprintLibrary.uplugin
LogPluginManager: Loaded Plugin AnalyticsMulticast, From C:/Program Files (x86)/Epic Games/4.13/Engine/Plugins/Runtime/Analytics/AnalyticsMulticast/AnalyticsMulticast.uplugin
LogPluginManager: Loaded Plugin Apsalar, From C:/Program Files (x86)/Epic Games/4.13/Engine/Plugins/Runtime/Analytics/Apsalar/Apsalar.uplugin
LogPluginManager: Loaded Plugin FileLogging, From C:/Program Files (x86)/Epic Games/4.13/Engine/Plugins/Runtime/Analytics/FileLogging/FileLogging.uplugin
LogPluginManager: Loaded Plugin Flurry, From C:/Program Files (x86)/Epic Games/4.13/Engine/Plugins/Runtime/Analytics/Flurry/Flurry.uplugin
LogPluginManager: Loaded Plugin AndroidDeviceProfileSelector, From C:/Program Files (x86)/Epic Games/4.13/Engine/Plugins/Runtime/AndroidDeviceProfileSelector/AndroidDeviceProfileSelector.uplugin
LogPluginManager: Loaded Plugin AndroidMoviePlayer, From C:/Program Files (x86)/Epic Games/4.13/Engine/Plugins/Runtime/AndroidMoviePlayer/AndroidMoviePlayer.uplugin
LogPluginManager: Loaded Plugin AppleMoviePlayer, From C:/Program Files (x86)/Epic Games/4.13/Engine/Plugins/Runtime/AppleMoviePlayer/AppleMoviePlayer.uplugin
LogPluginManager: Loaded Plugin ArchVisCharacter, From C:/Program Files (x86)/Epic Games/4.13/Engine/Plugins/Runtime/ArchVisCharacter/ArchVisCharacter.uplugin
LogPluginManager: Loaded Plugin CableComponent, From C:/Program Files (x86)/Epic Games/4.13/Engine/Plugins/Runtime/CableComponent/CableComponent.uplugin
LogPluginManager: Loaded Plugin CustomMeshComponent, From C:/Program Files (x86)/Epic Games/4.13/Engine/Plugins/Runtime/CustomMeshComponent/CustomMeshComponent.uplugin
LogPluginManager: Loaded Plugin ExampleDeviceProfileSelector, From C:/Program Files (x86)/Epic Games/4.13/Engine/Plugins/Runtime/ExampleDeviceProfileSelector/ExampleDeviceProfileSelector.uplugin
LogPluginManager: Loaded Plugin GearVR, From C:/Program Files (x86)/Epic Games/4.13/Engine/Plugins/Runtime/GearVR/GearVR.uplugin
LogPluginManager: Loaded Plugin GoogleVRController, From C:/Program Files (x86)/Epic Games/4.13/Engine/Plugins/Runtime/GoogleVR/GoogleVRController/GoogleVRController.uplugin
LogPluginManager: Loaded Plugin GoogleVRHMD, From C:/Program Files (x86)/Epic Games/4.13/Engine/Plugins/Runtime/GoogleVR/GoogleVRHMD/GoogleVRHMD.uplugin
LogPluginManager: Loaded Plugin IOSDeviceProfileSelector, From C:/Program Files (x86)/Epic Games/4.13/Engine/Plugins/Runtime/IOSDeviceProfileSelector/IOSDeviceProfileSelector.uplugin
LogPluginManager: Loaded Plugin LeapMotion, From C:/Program Files (x86)/Epic Games/4.13/Engine/Plugins/Runtime/LeapMotion/LeapMotion.uplugin
LogPluginManager: Loaded Plugin LinuxDeviceProfileSelector, From C:/Program Files (x86)/Epic Games/4.13/Engine/Plugins/Runtime/LinuxDeviceProfileSelector/LinuxDeviceProfileSelector.uplugin
LogPluginManager: Loaded Plugin LiveEditorListenServer, From C:/Program Files (x86)/Epic Games/4.13/Engine/Plugins/Runtime/LiveEditorListenServer/LiveEditorListenServer.uplugin
LogPluginManager: Loaded Plugin OculusAudio, From C:/Program Files (x86)/Epic Games/4.13/Engine/Plugins/Runtime/OculusAudio/OculusAudio.uplugin
LogPluginManager: Loaded Plugin OculusInput, From C:/Program Files (x86)/Epic Games/4.13/Engine/Plugins/Runtime/OculusInput/OculusInput.uplugin
LogPluginManager: Loaded Plugin OculusLibrary, From C:/Program Files (x86)/Epic Games/4.13/Engine/Plugins/Runtime/OculusLibrary/OculusLibrary.uplugin
LogPluginManager: Loaded Plugin OculusRift, From C:/Program Files (x86)/Epic Games/4.13/Engine/Plugins/Runtime/OculusRift/OculusRift.uplugin
LogPluginManager: Loaded Plugin Oodle, From C:/Program Files (x86)/Epic Games/4.13/Engine/Plugins/Runtime/PacketHandlers/CompressionComponents/Oodle/Oodle.uplugin
LogPluginManager: Loaded Plugin ProceduralMeshComponent, From C:/Program Files (x86)/Epic Games/4.13/Engine/Plugins/Runtime/ProceduralMeshComponent/ProceduralMeshComponent.uplugin
LogPluginManager: Loaded Plugin SoundMod, From C:/Program Files (x86)/Epic Games/4.13/Engine/Plugins/Runtime/SoundMod/SoundMod.uplugin
LogPluginManager: Loaded Plugin SoundVisualizations, From C:/Program Files (x86)/Epic Games/4.13/Engine/Plugins/Runtime/SoundVisualizations/SoundVisualizations.uplugin
LogPluginManager: Loaded Plugin SteamController, From C:/Program Files (x86)/Epic Games/4.13/Engine/Plugins/Runtime/Steam/SteamController/SteamController.uplugin
LogPluginManager: Loaded Plugin SteamVR, From C:/Program Files (x86)/Epic Games/4.13/Engine/Plugins/Runtime/Steam/SteamVR/SteamVR.uplugin
LogPluginManager: Loaded Plugin WebBrowserWidget, From C:/Program Files (x86)/Epic Games/4.13/Engine/Plugins/Runtime/WebBrowserWidget/WebBrowserWidget.uplugin
LogPluginManager: Loaded Plugin WindowsDeviceProfileSelector, From C:/Program Files (x86)/Epic Games/4.13/Engine/Plugins/Runtime/WindowsDeviceProfileSelector/WindowsDeviceProfileSelector.uplugin
LogPluginManager: Loaded Plugin WindowsMoviePlayer, From C:/Program Files (x86)/Epic Games/4.13/Engine/Plugins/Runtime/WindowsMoviePlayer/WindowsMoviePlayer.uplugin
LogPluginManager: Loaded Plugin ScriptPlugin, From C:/Program Files (x86)/Epic Games/4.13/Engine/Plugins/ScriptPlugin/ScriptPlugin.uplugin
LogPluginManager: Loaded Plugin SlateRemote, From C:/Program Files (x86)/Epic Games/4.13/Engine/Plugins/Slate/SlateRemote/SlateRemote.uplugin
LogInit: Using libcurl 7.47.1
LogInit:  - built for x86_64-pc-win32
LogInit:  - supports SSL with WinSSL
LogInit:  - other features:
LogInit:      CURL_VERSION_SSL
LogInit:      CURL_VERSION_IPV6
LogInit:      CURL_VERSION_ASYNCHDNS
LogInit:      CURL_VERSION_LARGEFILE
LogInit:      CURL_VERSION_IDN
LogInit:  CurlRequestOptions (configurable via config and command line):
LogInit:  - bVerifyPeer = false  - Libcurl will NOT verify peer certificate
LogInit:  - bUseHttpProxy = false  - Libcurl will NOT use HTTP proxy
LogInit:  - bDontReuseConnections = false  - Libcurl will reuse connections
LogInit:  - CertBundlePath = nullptr  - Libcurl will use whatever was configured at build time.
LogInit: Build: ++UE4+Release-4.13-CL-3172292
LogInit: Engine Version: 4.13.2-3172292+++UE4+Release-4.13
LogInit: Compatible Engine Version: 4.13.0-3106830+++UE4+Release-4.13
LogInit: Net CL: 3172292
LogDevObjectVersion: Number of dev versions registered: 13
LogDevObjectVersion:   Dev-Blueprints (B0D832E4-1F89-4F0D-ACCF-7EB736FD4AA2): 5
LogDevObjectVersion:   Dev-Build (E1C64328-A22C-4D53-A36C-8E866417BD8C): 0
LogDevObjectVersion:   Dev-Core (375EC13C-06E4-48FB-B500-84F0262A717E): 1
LogDevObjectVersion:   Dev-Editor (E4B068ED-F494-42E9-A231-DA0B2E46BB41): 6
LogDevObjectVersion:   Dev-Framework (CFFC743F-43B0-4480-9391-14DF171D2073): 12
LogDevObjectVersion:   Dev-Mobile (B02B49B5-BB20-44E9-A304-32B752E40360): 0
LogDevObjectVersion:   Dev-Networking (A4E4105C-59A1-49B5-A7C5-40C4547EDFEE): 0
LogDevObjectVersion:   Dev-Online (39C831C9-5AE6-47DC-9A44-9C173E1C8E7C): 0
LogDevObjectVersion:   Dev-Physics (78F01B33-EBEA-4F98-B9B4-84EACCB95AA2): 0
LogDevObjectVersion:   Dev-Platform (6631380F-2D4D-43E0-8009-CF276956A95A): 0
LogDevObjectVersion:   Dev-Rendering (12F88B9F-8875-4AFC-A67C-D90C383ABD29): 4
LogDevObjectVersion:   Dev-Sequencer (7B5AE74C-D270-4C10-A958-57980B212A5A): 0
LogDevObjectVersion:   Dev-VR (D7296918-1DD6-4BDD-9DE2-64A83CC13884): 0
LogInit: Compiled (64-bit): Oct 24 2016 14:29:06
LogInit: Compiled with Visual C++: 19.00.23026.00
LogInit: Build Configuration: Development
LogInit: Branch Name: ++UE4+Release-4.13
LogInit: Command line:  
LogInit: Base directory: C:/Program Files (x86)/Epic Games/4.13/Engine/Binaries/Win64/
LogInit: Installed Engine Build: 1
LogInit: Presizing for max 8388607 objects, including 0 objects not considered by GC, pre-allocating 0 bytes for permanent pool.
LogInit: Object subsystem initialized
[2017.02.04-01.50.06:152][  0]LogInit: Selected Device Profile: [Windows]
[2017.02.04-01.50.06:152][  0]LogInit: Applying CVar settings loaded from the selected device profile: [Windows]
[2017.02.04-01.50.06:159][  0]LogInit: Computer: RYAN
[2017.02.04-01.50.06:159][  0]LogInit: User: RyanSobczak
[2017.02.04-01.50.06:159][  0]LogInit: CPU Page size=65536, Cores=4
[2017.02.04-01.50.06:160][  0]LogInit: High frequency timer resolution =3.417962 MHz
[2017.02.04-01.50.06:160][  0]LogMemory: Memory total: Physical=7.5GB (8GB approx)
[2017.02.04-01.50.06:160][  0]LogMemory: Platform Memory Stats for Windows
[2017.02.04-01.50.06:160][  0]LogMemory: Process Physical Memory: 254.25 MB used, 254.25 MB peak
[2017.02.04-01.50.06:160][  0]LogMemory: Process Virtual Memory: 259.60 MB used, 259.60 MB peak
[2017.02.04-01.50.06:160][  0]LogMemory: Physical Memory: 3511.61 MB used, 7629.87 MB total
[2017.02.04-01.50.06:160][  0]LogMemory: Virtual Memory: 600.32 MB used, 134217728.00 MB total
[2017.02.04-01.50.06:221][  0]LogTextLocalizationManager: No specific translations for ('en-US') exist, so ('en') translations will be used.
[2017.02.04-01.50.06:731][  0]LogD3D11RHI: D3D11 adapters:
[2017.02.04-01.50.06:748][  0]LogD3D11RHI:    0. 'NVIDIA GeForce GTX 750 Ti' (Feature Level 11_0)
[2017.02.04-01.50.06:748][  0]LogD3D11RHI:       1988/0/2048 MB DedicatedVideo/DedicatedSystem/SharedSystem, Outputs:2, VendorId:0x10de
[2017.02.04-01.50.06:753][  0]LogD3D11RHI:    1. 'Intel(R) HD Graphics 4600' (Feature Level 11_0)
[2017.02.04-01.50.06:753][  0]LogD3D11RHI:       480/0/1312 MB DedicatedVideo/DedicatedSystem/SharedSystem, Outputs:0, VendorId:0x8086
[2017.02.04-01.50.06:754][  0]LogD3D11RHI:    2. 'Microsoft Basic Render Driver' (Feature Level 11_0)
[2017.02.04-01.50.06:754][  0]LogD3D11RHI:       0/0/256 MB DedicatedVideo/DedicatedSystem/SharedSystem, Outputs:0, VendorId:0x1414
[2017.02.04-01.50.06:754][  0]LogD3D11RHI: Chosen D3D11 Adapter: 0
[2017.02.04-01.50.06:757][  0]LogD3D11RHI: Creating new Direct3DDevice
[2017.02.04-01.50.06:757][  0]LogD3D11RHI:     GPU DeviceId: 0x1380 (for the marketing name, search the web for "GPU Device Id")
[2017.02.04-01.50.06:757][  0]LogWindows: EnumDisplayDevices:
[2017.02.04-01.50.06:758][  0]LogWindows:    0. 'NVIDIA GeForce GTX 750 Ti' (P:1 D:1)
[2017.02.04-01.50.06:758][  0]LogWindows:    1. 'NVIDIA GeForce GTX 750 Ti' (P:0 D:1)
[2017.02.04-01.50.06:758][  0]LogWindows:    2. 'NVIDIA GeForce GTX 750 Ti' (P:0 D:0)
[2017.02.04-01.50.06:758][  0]LogWindows:    3. 'NVIDIA GeForce GTX 750 Ti' (P:0 D:0)
[2017.02.04-01.50.06:758][  0]LogWindows:    4. 'Intel(R) HD Graphics 4600' (P:0 D:0)
[2017.02.04-01.50.06:758][  0]LogWindows:    5. 'Intel(R) HD Graphics 4600' (P:0 D:0)
[2017.02.04-01.50.06:758][  0]LogWindows:    6. 'Intel(R) HD Graphics 4600' (P:0 D:0)
[2017.02.04-01.50.06:758][  0]LogWindows: DebugString: PrimaryIsNotTheChoosenAdapter PrimaryIsNotTheChoosenAdapter PrimaryIsNotTheChoosenAdapter FoundDriverCount:4 
[2017.02.04-01.50.06:758][  0]LogD3D11RHI:     Adapter Name: NVIDIA GeForce GTX 750 Ti
[2017.02.04-01.50.06:758][  0]LogD3D11RHI:   Driver Version: 372.90 (internal:21.21.13.7290, unified:372.90)
[2017.02.04-01.50.06:758][  0]LogD3D11RHI:      Driver Date: 9-16-2016
[2017.02.04-01.50.06:758][  0]LogRHI: Texture pool is 1361 MB (70% of 1945 MB)
[2017.02.04-01.50.06:766][  0]LogD3D11RHI: Async texture creation enabled
[2017.02.04-01.50.06:782][  0]LogD3D11RHI: GPU Timing Frequency: 1000.000000 (Debug: 2 2)
[2017.02.04-01.50.06:782][  0]LogShaderCompilers: Guid format shader working directory is -16 characters bigger than the processId version (../../../../../../Users/Ryan Sobczak/Desktop/godTraffic/prototype/Intermediate/Shaders/WorkingDirectory/4928/).
[2017.02.04-01.50.06:782][  0]LogShaderCompilers: Cleaned the shader compiler working directory 'C:/Users/RYANSO~1/AppData/Local/Temp/UnrealShaderWorkingDir/5ED87FF54845D4FC6CFBF189F6183051/'.
[2017.02.04-01.50.06:782][  0]LogShaderCompilers:Display: Using Local Shader Compiler.
[2017.02.04-01.50.08:661][  0]LogTemp:Display: Loaded TP AllDesktopTargetPlatform
[2017.02.04-01.50.08:670][  0]LogTemp:Display: Loaded TP WindowsClientTargetPlatform
[2017.02.04-01.50.08:678][  0]LogTemp:Display: Loaded TP WindowsNoEditorTargetPlatform
[2017.02.04-01.50.08:688][  0]LogTemp:Display: Loaded TP WindowsServerTargetPlatform
[2017.02.04-01.50.08:697][  0]LogTemp:Display: Loaded TP WindowsTargetPlatform
[2017.02.04-01.50.08:705][  0]LogTemp:Display: Loaded TP AndroidTargetPlatform
[2017.02.04-01.50.08:716][  0]LogTemp:Display: Loaded TP Android_ASTCTargetPlatform
[2017.02.04-01.50.08:722][  0]LogTemp:Display: Loaded TP Android_ATCTargetPlatform
[2017.02.04-01.50.08:729][  0]LogTemp:Display: Loaded TP Android_DXTTargetPlatform
[2017.02.04-01.50.08:736][  0]LogTemp:Display: Loaded TP Android_ETC1TargetPlatform
[2017.02.04-01.50.08:745][  0]LogTemp:Display: Loaded TP Android_ETC2TargetPlatform
[2017.02.04-01.50.08:765][  0]LogTemp:Display: Loaded TP Android_MultiTargetPlatform
[2017.02.04-01.50.08:765][  0]LogTemp:Display: Loaded TP Android_PVRTCTargetPlatform
[2017.02.04-01.50.08:768][  0]LogTemp:Display: Loaded TP HTML5TargetPlatform
[2017.02.04-01.50.08:792][  0]LogTemp:Display: Loaded TP IOSTargetPlatform
[2017.02.04-01.50.08:799][  0]LogTemp:Display: Loaded TP TVOSTargetPlatform
[2017.02.04-01.50.08:807][  0]LogTemp:Display: Loaded TP LinuxClientTargetPlatform
[2017.02.04-01.50.08:815][  0]LogTemp:Display: Loaded TP LinuxNoEditorTargetPlatform
[2017.02.04-01.50.08:822][  0]LogTemp:Display: Loaded TP LinuxServerTargetPlatform
[2017.02.04-01.50.08:830][  0]LogTemp:Display: Loaded TP LinuxTargetPlatform
[2017.02.04-01.50.08:830][  0]LogTargetPlatformManager:Display: Building Assets For Windows
[2017.02.04-01.50.08:908][  0]LogDerivedDataCache:Display: Max Cache Size: 512 MB
[2017.02.04-01.50.09:279][  0]LogDerivedDataCache: Loaded boot cache 0.35s 62MB C:/Users/Ryan Sobczak/AppData/Local/UnrealEngine/4.13/DerivedDataCache/Boot.ddc.
[2017.02.04-01.50.09:279][  0]LogDerivedDataCache:Display: Loaded Boot cache: C:/Users/Ryan Sobczak/AppData/Local/UnrealEngine/4.13/DerivedDataCache/Boot.ddc
[2017.02.04-01.50.09:288][  0]LogDerivedDataCache: FDerivedDataBackendGraph:  Pak pak cache file ../../../../../../Users/Ryan Sobczak/Desktop/godTraffic/prototype/DerivedDataCache/DDC.ddp not found, will not use a pak cache.
[2017.02.04-01.50.09:288][  0]LogDerivedDataCache: Unable to find inner node Pak for hierarchical cache Hierarchy.
[2017.02.04-01.50.09:288][  0]LogDerivedDataCache: FDerivedDataBackendGraph:  CompressedPak pak cache file ../../../../../../Users/Ryan Sobczak/Desktop/godTraffic/prototype/DerivedDataCache/Compressed.ddp not found, will not use a pak cache.
[2017.02.04-01.50.09:288][  0]LogDerivedDataCache: Unable to find inner node CompressedPak for hierarchical cache Hierarchy.
[2017.02.04-01.50.09:363][  0]LogDerivedDataCache:Display: Pak cache opened for reading ../../../Engine/DerivedDataCache/Compressed.ddp.
[2017.02.04-01.50.09:376][  0]LogDerivedDataCache: Using Local data cache path C:/Users/Ryan Sobczak/AppData/Local/UnrealEngine/Common/DerivedDataCache: Writable
[2017.02.04-01.50.16:353][  0]LogInit: Selected Device Profile: [Windows]
[2017.02.04-01.50.16:579][  0]LogMeshUtilities: No automatic mesh reduction module available
[2017.02.04-01.50.16:579][  0]LogMeshUtilities: No automatic mesh merging module available
[2017.02.04-01.50.16:579][  0]LogMeshUtilities: No distributed automatic mesh merging module available
[2017.02.04-01.50.16:808][  0]LogContentStreaming: Texture pool size is 0.00 MB
[2017.02.04-01.50.18:640][  0]LogMaterial: Uniform references updated for custom material expression Custom.
[2017.02.04-01.50.23:519][  0]LogNetVersion: GetLocalNetworkVersion: CL: 3106830, ProjectName: myproject, ProjectVersion: , EngineNetworkVersion: 1, GameNetworkVersion: 0, NetworkChecksum: 1879837642
[2017.02.04-01.50.23:811][  0]LogAssetRegistry: FAssetRegistry took 0.0238 seconds to start up
[2017.02.04-01.50.24:353][  0]LogPackageLocalizationCache: Processed 3 localized package path(s) for 2 prioritized culture(s) in 0.265349 seconds
[2017.02.04-01.50.24:433][  0]LogUObjectArray: 29778 objects as part of root set at end of initial load.
[2017.02.04-01.50.24:474][  0]LogUObjectAllocator: 6125456 out of 0 bytes used by permanent object pool.
[2017.02.04-01.50.24:474][  0]LogUObjectArray: CloseDisregardForGC: 0/0 objects in disregard for GC pool
[2017.02.04-01.50.25:240][  0]LogInit: WinSock: version 1.1 (2.2), MaxSocks=32767, MaxUdp=65467
[2017.02.04-01.50.49:960][  0]LogSlate: SlateFontCache - WITH_FREETYPE: 1, WITH_HARFBUZZ: 1
[2017.02.04-01.50.49:960][  0]LogSlate: SlateFontCache - WITH_FREETYPE: 1, WITH_HARFBUZZ: 1
[2017.02.04-01.51.33:174][  0]LogTcpMessaging: Initializing TcpMessaging bridge
[2017.02.04-01.51.33:269][  0]LogUdpMessaging: Initializing bridge on interface 0.0.0.0:0 to multicast group 230.0.0.1:6666.
[2017.02.04-01.51.34:698][  0]SourceControl: Info Source control is disabled
[2017.02.04-01.51.34:844][  0]SourceControl: Info Source control is disabled
[2017.02.04-01.51.34:962][  0]SourceControl: Info Source control is disabled
[2017.02.04-01.51.35:063][  0]SourceControl: Info Source control is disabled
[2017.02.04-01.51.37:340][  0]LogEngine: Initializing Engine...
[2017.02.04-01.51.37:372][  0]LogHMD: Failed to initialize OpenVR with code 110
[2017.02.04-01.51.38:477][  0]LogAIModule: Creating AISystem for world Untitled
[2017.02.04-01.51.38:924][  0]LogInit: XAudio2 using 'Speakers (5- USB Audio Device)' : 2 channels at 44.1 kHz using 16 bits per sample (channel mask 0x3)
[2017.02.04-01.51.38:968][  0]LogInit: FAudioDevice initialized.
[2017.02.04-01.51.39:018][  0]LogDerivedDataCache: Saved boot cache 0.05s 62MB C:/Users/Ryan Sobczak/AppData/Local/UnrealEngine/4.13/DerivedDataCache/Boot.ddc.
[2017.02.04-01.51.39:024][  0]LogInit: Texture streaming: Enabled
[2017.02.04-01.51.40:151][  0]LogInit: Transaction tracking system initialized
[2017.02.04-01.51.40:552][  0]BlueprintLog: New page: Editor Load
[2017.02.04-01.51.42:615][  0]LocalizationService: Info Localization service is disabled
[2017.02.04-01.51.43:759][  0]LogConsoleResponse:Display: 
[2017.02.04-01.51.46:701][  0]LogFileCache: Scanning file cache for directory 'C:/Users/Ryan Sobczak/Desktop/godTraffic/prototype/Content/' took 0.02s
[2017.02.04-01.51.46:701][  0]LogCook:Display: Max memory allowance for cook 16384mb min free memory 0mb
[2017.02.04-01.51.46:710][  0]LogCook:Display: Mobile HDR setting 1
[2017.02.04-01.51.50:089][  0]SourceControl: Info Source control is disabled
[2017.02.04-01.51.50:128][  0]Cmd: MAP LOAD FILE="../../../../../../Users/Ryan Sobczak/Desktop/godTraffic/prototype/Content/TopDownBP/Maps/TopDownExampleMap.umap" TEMPLATE=0 SHOWPROGRESS=1 FEATURELEVEL=3
[2017.02.04-01.51.50:155][  0]LightingResults: New page: Lighting Build
[2017.02.04-01.51.50:438][  0]MapCheck: New page: Map Check
[2017.02.04-01.51.50:438][  0]LightingResults: New page: Lighting Build
[2017.02.04-01.51.55:803][  0]LogAIModule: Creating AISystem for world TopDownExampleMap
[2017.02.04-01.51.56:807][  0]LogEditorServer: Finished looking for orphan Actors (0.000 secs)
[2017.02.04-01.51.56:909][  0]Cmd: MAP CHECKDEP NOCLEARLOG
[2017.02.04-01.51.57:051][  0]MapCheck: Info Map check complete: 0 Error(s), 0 Warning(s), took 131.443ms to complete.
[2017.02.04-01.51.57:051][  0]LogFileHelpers: Loading map 'TopDownExampleMap' took 6.944
[2017.02.04-01.51.58:526][  0]LogCollectionManager: Loaded 0 collections in 0.001229 seconds
[2017.02.04-01.51.58:675][  0]LogFileCache: Scanning file cache for directory 'C:/Users/Ryan Sobczak/Desktop/godTraffic/prototype/Saved/Collections/' took 0.01s
[2017.02.04-01.51.58:675][  0]LogFileCache: Scanning file cache for directory 'C:/Users/Ryan Sobczak/Desktop/godTraffic/prototype/Content/Developers/RyanSobczak/Collections/' took 0.01s
[2017.02.04-01.51.58:675][  0]LogFileCache: Scanning file cache for directory 'C:/Users/Ryan Sobczak/Desktop/godTraffic/prototype/Content/Collections/' took 0.01s
[2017.02.04-01.51.58:675][  0]LogCollectionManager: Rebuilt the GUID cache for 0 collections in 0.000002 seconds
[2017.02.04-01.51.58:695][  0]LogContentBrowser: Native class hierarchy populated in 0.0185 seconds. Added 2141 classes and 415 folders.
[2017.02.04-01.51.58:778][  0]LogStats: UGameplayTagsManager::ConstructGameplayTagTree: Construct from data asset -  0.000 s
[2017.02.04-01.51.58:779][  0]LogStats: UGameplayTagsManager::ConstructGameplayTagTree: GameplayTagTreeChangedEvent.Broadcast -  0.000 s
[2017.02.04-01.51.58:781][  0]LogContentBrowser: Native class hierarchy updated for 'GameplayTags' in 0.0019 seconds. Added 12 classes and 0 folders.
[2017.02.04-01.51.58:835][  0]LogContentBrowser: Native class hierarchy updated for 'WidgetCarousel' in 0.0007 seconds. Added 0 classes and 0 folders.
[2017.02.04-01.51.59:870][  0]LogContentBrowser: Native class hierarchy updated for 'AddContentDialog' in 0.0004 seconds. Added 0 classes and 0 folders.
[2017.02.04-01.51.59:944][  0]LogContentBrowser: Native class hierarchy updated for 'SceneOutliner' in 0.0007 seconds. Added 1 classes and 2 folders.
[2017.02.04-01.52.00:356][  0]LogCrashTracker: Crashtracker disabled due to settings.
[2017.02.04-01.52.00:606][  0]LogUObjectGlobals:Warning: Failed to find object 'Class None.'
[2017.02.04-01.52.00:756][  0]LogContentBrowser: Native class hierarchy updated for 'HierarchicalLODOutliner' in 0.0004 seconds. Added 1 classes and 2 folders.
[2017.02.04-01.52.00:756][  0]LogLoad: (Engine Initialization) Total time: 115.34 seconds
[2017.02.04-01.52.00:756][  0]LogLoad: (Engine Initialization) Total Blueprint compile time: 1.17 seconds
[2017.02.04-01.52.00:782][  0]LogExternalProfiler: Found external profiler: VSPerf
[2017.02.04-01.52.00:782][  0]LogExternalProfiler: Using external profiler: VSPerf
[2017.02.04-01.52.00:904][  0]LogWindowsTextInputMethodSystem:Display: IME system now deactivated.
[2017.02.04-01.52.00:911][  0]LogOcInput: OculusInput pre-init called
[2017.02.04-01.52.01:371][  0]LogContentStreaming: Texture pool size now 1000 MB
[2017.02.04-01.52.03:341][  0]LogRenderer: Reallocating scene render targets to support 1208x576 (Frame:2).
[2017.02.04-01.52.04:637][  5]LogAssetRegistry: Asset discovery search completed in 100.8489 seconds
[2017.02.04-01.52.04:638][  5]LogCollectionManager: Rebuilt the object cache for 0 collections in 0.000001 seconds (found 0 objects)
[2017.02.04-01.52.04:638][  5]LogCollectionManager: Fixed up redirectors for 0 collections in 0.000331 seconds (updated 0 objects)
[2017.02.04-01.53.23:403][103]LogContentBrowser: Native class hierarchy updated for 'BlueprintGraph' in 0.0007 seconds. Added 112 classes and 0 folders.
[2017.02.04-01.55.35:304][858]BlueprintLog: New page: Compile AI2
[2017.02.04-01.55.37:228][956]Cmd: OBJ SAVEPACKAGE PACKAGE="/Game/TopDownBP/Blueprints/AI2" FILE="../../../../../../Users/Ryan Sobczak/Desktop/godTraffic/prototype/Content/TopDownBP/Blueprints/AI2.uasset" SILENT=true
[2017.02.04-01.55.37:704][956]LogSavePackage: Save=124.02ms
[2017.02.04-01.55.37:704][956]LogSavePackage: Moving '../../../../../../Users/Ryan Sobczak/Desktop/godTraffic/prototype/Saved/AI271CB06F44CA9C95FCE6896B117A97D2D.tmp' to '../../../../../../Users/Ryan Sobczak/Desktop/godTraffic/prototype/Content/TopDownBP/Blueprints/AI2.uasset'
[2017.02.04-01.55.37:731][956]LogSavePackage:Display: Finished SavePackage ../../../../../../Users/Ryan Sobczak/Desktop/godTraffic/prototype/Content/TopDownBP/Blueprints/AI2.uasset
[2017.02.04-01.55.51:868][456]Cmd: OBJ SAVEPACKAGE PACKAGE="/Game/TopDownBP/Blueprints/AI2" FILE="../../../../../../Users/Ryan Sobczak/Desktop/godTraffic/prototype/Content/TopDownBP/Blueprints/AI2.uasset" SILENT=true
[2017.02.04-01.55.51:896][456]LogSavePackage: Save=18.67ms
[2017.02.04-01.55.51:896][456]LogSavePackage: Moving '../../../../../../Users/Ryan Sobczak/Desktop/godTraffic/prototype/Saved/AI20A46A6A64DAEF1B2BF65E7B02371C9D1.tmp' to '../../../../../../Users/Ryan Sobczak/Desktop/godTraffic/prototype/Content/TopDownBP/Blueprints/AI2.uasset'
[2017.02.04-01.55.51:909][456]LogSavePackage:Display: Finished SavePackage ../../../../../../Users/Ryan Sobczak/Desktop/godTraffic/prototype/Content/TopDownBP/Blueprints/AI2.uasset
[2017.02.04-01.55.54:707][765]LogBlueprintUserMessages: Early PlayInEditor Detection: Level '/Game/TopDownBP/Maps/TopDownExampleMap.TopDownExampleMap:PersistentLevel' has LevelScriptBlueprint '/Game/TopDownBP/Maps/TopDownExampleMap.TopDownExampleMap:PersistentLevel.TopDownExampleMap' with GeneratedClass '/Game/TopDownBP/Maps/TopDownExampleMap.TopDownExampleMap_C' with ClassGeneratedBy '/Game/TopDownBP/Maps/TopDownExampleMap.TopDownExampleMap:PersistentLevel.TopDownExampleMap'
[2017.02.04-01.55.54:718][765]LogPlayLevel: PlayLevel: No blueprints needed recompiling
[2017.02.04-01.55.54:832][765]PIE: New page: PIE session: TopDownExampleMap (Feb 3, 2017, 3:55:54 PM)
[2017.02.04-01.55.54:832][765]LogPlayLevel: Creating play world package: /Game/TopDownBP/Maps/UEDPIE_0_TopDownExampleMap
[2017.02.04-01.55.54:957][765]LogPlayLevel: PIE: StaticDuplicateObject took: (0.124214s)
[2017.02.04-01.55.54:958][765]LogAIModule: Creating AISystem for world TopDownExampleMap
[2017.02.04-01.55.54:973][765]LogPlayLevel: PIE: World Init took: (0.015236s)
[2017.02.04-01.55.54:979][765]LogPlayLevel: PIE: Created PIE world by copying editor world from /Game/TopDownBP/Maps/TopDownExampleMap.TopDownExampleMap to /Game/TopDownBP/Maps/UEDPIE_0_TopDownExampleMap.TopDownExampleMap (0.145827s)
[2017.02.04-01.55.55:023][765]LogInit: XAudio2 using 'Speakers (5- USB Audio Device)' : 2 channels at 44.1 kHz using 16 bits per sample (channel mask 0x3)
[2017.02.04-01.55.55:029][765]LogInit: FAudioDevice initialized.
[2017.02.04-01.55.55:277][765]LogWorld: Game class is 'TopDownGameMode_C'
[2017.02.04-01.55.55:415][765]LogWorld: Bringing World /Game/TopDownBP/Maps/UEDPIE_0_TopDownExampleMap.TopDownExampleMap up for play (max tick rate 0) at 2017.02.03-20.55.55
[2017.02.04-01.55.55:533][765]LogWorld: Bringing up level for play took: 0.128445
[2017.02.04-01.55.55:629][765]LogContentBrowser: Native class hierarchy updated for 'MovieSceneCapture' in 0.0010 seconds. Added 11 classes and 0 folders.
[2017.02.04-01.55.55:644][765]LogGameMode:Display: Match State Changed from EnteringMap to WaitingToStart
[2017.02.04-01.55.55:644][765]LogGameState: Match State Changed from EnteringMap to WaitingToStart
[2017.02.04-01.55.55:645][765]LogGameMode:Display: Match State Changed from WaitingToStart to InProgress
[2017.02.04-01.55.55:679][765]LogGameState: Match State Changed from WaitingToStart to InProgress
[2017.02.04-01.55.55:679][765]PIE: Info Play in editor start time for /Game/TopDownBP/Maps/UEDPIE_0_TopDownExampleMap 0.484
[2017.02.04-01.55.55:680][765]LogBlueprintUserMessages: Late PlayInEditor Detection: Level '/Game/TopDownBP/Maps/TopDownExampleMap.TopDownExampleMap:PersistentLevel' has LevelScriptBlueprint '/Game/TopDownBP/Maps/TopDownExampleMap.TopDownExampleMap:PersistentLevel.TopDownExampleMap' with GeneratedClass '/Game/TopDownBP/Maps/TopDownExampleMap.TopDownExampleMap_C' with ClassGeneratedBy '/Game/TopDownBP/Maps/TopDownExampleMap.TopDownExampleMap:PersistentLevel.TopDownExampleMap'
[2017.02.04-01.56.16:987][246]LogBlueprintUserMessages: [TopDownExampleMap_C_1] Hello
[2017.02.04-01.56.18:923][473]LogCharacterMovement: AI2_4 is stuck and failed to move! Velocity: X=-37.52 Y=76.69 Z=0.00 Location: X=408.91 Y=-1448.25 Z=265.61 Normal: X=0.48 Y=0.07 Z=-0.88 PenetrationDepth:4.449 Actor:Box1BP_C_8 Component:box BoneName:None (0 other events since notify)
[2017.02.04-01.56.19:990][601]LogCharacterMovement: AI2_4 is stuck and failed to move! Velocity: X=-16.27 Y=18.69 Z=0.00 Location: X=413.30 Y=-1446.51 Z=265.37 Normal: X=0.51 Y=0.09 Z=-0.86 PenetrationDepth:7.741 Actor:Box1BP_C_8 Component:box BoneName:None (8 other events since notify)
[2017.02.04-01.56.21:997][839]LogBlueprintUserMessages: Early EndPlayMap Detection: Level '/Game/TopDownBP/Maps/TopDownExampleMap.TopDownExampleMap:PersistentLevel' has LevelScriptBlueprint '/Game/TopDownBP/Maps/TopDownExampleMap.TopDownExampleMap:PersistentLevel.TopDownExampleMap' with GeneratedClass '/Game/TopDownBP/Maps/TopDownExampleMap.TopDownExampleMap_C' with ClassGeneratedBy '/Game/TopDownBP/Maps/TopDownExampleMap.TopDownExampleMap:PersistentLevel.TopDownExampleMap'
[2017.02.04-01.56.22:236][839]LogBlueprintUserMessages: Late EndPlayMap Detection: Level '/Game/TopDownBP/Maps/TopDownExampleMap.TopDownExampleMap:PersistentLevel' has LevelScriptBlueprint '/Game/TopDownBP/Maps/TopDownExampleMap.TopDownExampleMap:PersistentLevel.TopDownExampleMap' with GeneratedClass '/Game/TopDownBP/Maps/TopDownExampleMap.TopDownExampleMap_C' with ClassGeneratedBy '/Game/TopDownBP/Maps/TopDownExampleMap.TopDownExampleMap:PersistentLevel.TopDownExampleMap'
[2017.02.04-01.56.26:928][211]LogBlueprintUserMessages: Early PlayInEditor Detection: Level '/Game/TopDownBP/Maps/TopDownExampleMap.TopDownExampleMap:PersistentLevel' has LevelScriptBlueprint '/Game/TopDownBP/Maps/TopDownExampleMap.TopDownExampleMap:PersistentLevel.TopDownExampleMap' with GeneratedClass '/Game/TopDownBP/Maps/TopDownExampleMap.TopDownExampleMap_C' with ClassGeneratedBy '/Game/TopDownBP/Maps/TopDownExampleMap.TopDownExampleMap:PersistentLevel.TopDownExampleMap'
[2017.02.04-01.56.26:928][211]LogPlayLevel: PlayLevel: No blueprints needed recompiling
[2017.02.04-01.56.26:928][211]PIE: New page: PIE session: TopDownExampleMap (Feb 3, 2017, 3:56:26 PM)
[2017.02.04-01.56.26:928][211]LogPlayLevel: Creating play world package: /Game/TopDownBP/Maps/UEDPIE_0_TopDownExampleMap
[2017.02.04-01.56.26:950][211]LogPlayLevel: PIE: StaticDuplicateObject took: (0.021167s)
[2017.02.04-01.56.26:950][211]LogAIModule: Creating AISystem for world TopDownExampleMap
[2017.02.04-01.56.26:951][211]LogPlayLevel: PIE: World Init took: (0.001006s)
[2017.02.04-01.56.26:951][211]LogPlayLevel: PIE: Created PIE world by copying editor world from /Game/TopDownBP/Maps/TopDownExampleMap.TopDownExampleMap to /Game/TopDownBP/Maps/UEDPIE_0_TopDownExampleMap.TopDownExampleMap (0.022444s)
[2017.02.04-01.56.26:971][211]LogInit: XAudio2 using 'Speakers (5- USB Audio Device)' : 2 channels at 44.1 kHz using 16 bits per sample (channel mask 0x3)
[2017.02.04-01.56.26:976][211]LogInit: FAudioDevice initialized.
[2017.02.04-01.56.27:045][211]LogWorld: Game class is 'TopDownGameMode_C'
[2017.02.04-01.56.27:050][211]LogWorld: Bringing World /Game/TopDownBP/Maps/UEDPIE_0_TopDownExampleMap.TopDownExampleMap up for play (max tick rate 0) at 2017.02.03-20.56.27
[2017.02.04-01.56.27:051][211]LogWorld: Bringing up level for play took: 0.004937
[2017.02.04-01.56.27:051][211]LogGameMode:Display: Match State Changed from EnteringMap to WaitingToStart
[2017.02.04-01.56.27:051][211]LogGameState: Match State Changed from EnteringMap to WaitingToStart
[2017.02.04-01.56.27:051][211]LogGameMode:Display: Match State Changed from WaitingToStart to InProgress
[2017.02.04-01.56.27:052][211]LogGameState: Match State Changed from WaitingToStart to InProgress
[2017.02.04-01.56.27:052][211]PIE: Info Play in editor start time for /Game/TopDownBP/Maps/UEDPIE_0_TopDownExampleMap -0.144
[2017.02.04-01.56.27:052][211]LogBlueprintUserMessages: Late PlayInEditor Detection: Level '/Game/TopDownBP/Maps/TopDownExampleMap.TopDownExampleMap:PersistentLevel' has LevelScriptBlueprint '/Game/TopDownBP/Maps/TopDownExampleMap.TopDownExampleMap:PersistentLevel.TopDownExampleMap' with GeneratedClass '/Game/TopDownBP/Maps/TopDownExampleMap.TopDownExampleMap_C' with ClassGeneratedBy '/Game/TopDownBP/Maps/TopDownExampleMap.TopDownExampleMap:PersistentLevel.TopDownExampleMap'
[2017.02.04-01.56.44:610][314]LogBlueprintUserMessages: [TopDownExampleMap_C_1] Hello
[2017.02.04-01.56.49:060][848]LogBlueprintUserMessages: [TopDownExampleMap_C_1] Hello
[2017.02.04-01.56.59:261][ 72]LogCharacterMovement: AI2_4 is stuck and failed to move! Velocity: X=-5.08 Y=16.29 Z=0.00 Location: X=-630.96 Y=433.88 Z=265.59 Normal: X=1.00 Y=-0.02 Z=0.00 PenetrationDepth:0.905 Actor:Box1BP_C_17 Component:box BoneName:None (0 other events since notify)
[2017.02.04-01.57.02:153][419]LogBlueprintUserMessages: [TopDownExampleMap_C_1] Hello
[2017.02.04-01.57.10:696][444]LogBlueprintUserMessages: Early EndPlayMap Detection: Level '/Game/TopDownBP/Maps/TopDownExampleMap.TopDownExampleMap:PersistentLevel' has LevelScriptBlueprint '/Game/TopDownBP/Maps/TopDownExampleMap.TopDownExampleMap:PersistentLevel.TopDownExampleMap' with GeneratedClass '/Game/TopDownBP/Maps/TopDownExampleMap.TopDownExampleMap_C' with ClassGeneratedBy '/Game/TopDownBP/Maps/TopDownExampleMap.TopDownExampleMap:PersistentLevel.TopDownExampleMap'
[2017.02.04-01.57.10:733][444]LogBlueprintUserMessages: Late EndPlayMap Detection: Level '/Game/TopDownBP/Maps/TopDownExampleMap.TopDownExampleMap:PersistentLevel' has LevelScriptBlueprint '/Game/TopDownBP/Maps/TopDownExampleMap.TopDownExampleMap:PersistentLevel.TopDownExampleMap' with GeneratedClass '/Game/TopDownBP/Maps/TopDownExampleMap.TopDownExampleMap_C' with ClassGeneratedBy '/Game/TopDownBP/Maps/TopDownExampleMap.TopDownExampleMap:PersistentLevel.TopDownExampleMap'
[2017.02.04-02.07.05:880][622]BlueprintLog: New page: Compile AI2
[2017.02.04-02.07.06:850][700]Cmd: OBJ SAVEPACKAGE PACKAGE="/Game/TopDownBP/Blueprints/AI2" FILE="../../../../../../Users/Ryan Sobczak/Desktop/godTraffic/prototype/Content/TopDownBP/Blueprints/AI2.uasset" SILENT=true
[2017.02.04-02.07.06:892][700]LogSavePackage: Save=27.46ms
[2017.02.04-02.07.06:892][700]LogSavePackage: Moving '../../../../../../Users/Ryan Sobczak/Desktop/godTraffic/prototype/Saved/AI290D874D648E4CF9194AFC897154CA3AA.tmp' to '../../../../../../Users/Ryan Sobczak/Desktop/godTraffic/prototype/Content/TopDownBP/Blueprints/AI2.uasset'
[2017.02.04-02.07.06:895][700]LogSavePackage:Display: Finished SavePackage ../../../../../../Users/Ryan Sobczak/Desktop/godTraffic/prototype/Content/TopDownBP/Blueprints/AI2.uasset
[2017.02.04-02.07.24:424][851]LogActorComponent: UnregisterComponent: (/Engine/Transient.EditorFloorComp) Not registered. Aborting.
[2017.02.04-02.07.24:551][851]LogWindowsTextInputMethodSystem:Display: IME system now deactivated.
[2017.02.04-02.07.24:864][852]Cmd: QUIT_EDITOR
[2017.02.04-02.07.25:996][852]LogExit: Preparing to exit.
[2017.02.04-02.07.27:464][852]LogDirectoryWatcher: A directory notification for 'C:/Users/Ryan Sobczak/Desktop/godTraffic/prototype/Content/' was aborted.
[2017.02.04-02.07.27:706][852]LogExit: Editor shut down
[2017.02.04-02.07.27:707][852]LogExit: Transaction tracking system shut down
[2017.02.04-02.07.29:096][852]LogObj: Freed 0b from 0 cluster array pools.
[2017.02.04-02.07.29:096][852]LogExit: Object subsystem successfully closed.
[2017.02.04-02.07.29:275][852]LogD3D11RHI: Shutdown
[2017.02.04-02.07.29:275][852]LogD3D11RHI: CleanupD3DDevice
[2017.02.04-02.07.29:420][852]LogD3D11RHI: ~FD3D11DynamicRHI
[2017.02.04-02.07.30:027][852]LogModuleManager: Shutting down and abandoning module MovieSceneCapture (236)
[2017.02.04-02.07.30:027][852]LogModuleManager: Shutting down and abandoning module BlueprintGraph (235)
[2017.02.04-02.07.30:027][852]LogModuleManager: Shutting down and abandoning module BlueprintProfiler (234)
[2017.02.04-02.07.30:029][852]LogModuleManager: Shutting down and abandoning module HierarchicalLODOutliner (233)
[2017.02.04-02.07.30:029][852]LogModuleManager: Shutting down and abandoning module CrashTracker (232)
[2017.02.04-02.07.30:035][852]LogModuleManager: Shutting down and abandoning module SceneOutliner (231)
[2017.02.04-02.07.30:035][852]LogModuleManager: Shutting down and abandoning module WidgetCarousel (230)
[2017.02.04-02.07.30:035][852]LogModuleManager: Shutting down and abandoning module AddContentDialog (229)
[2017.02.04-02.07.30:046][852]LogDirectoryWatcher: A directory notification for 'C:/Program Files (x86)/Epic Games/4.13/FeaturePacks/' was aborted.
[2017.02.04-02.07.30:073][852]LogModuleManager: Shutting down and abandoning module GameplayTags (228)
[2017.02.04-02.07.30:073][852]LogModuleManager: Shutting down and abandoning module EditorWidgets (227)
[2017.02.04-02.07.30:073][852]LogModuleManager: Shutting down and abandoning module CollectionManager (226)
[2017.02.04-02.07.30:079][852]LogDirectoryWatcher: A directory notification for 'C:/Users/Ryan Sobczak/Desktop/godTraffic/prototype/Content/Collections/' was aborted.
[2017.02.04-02.07.30:079][852]LogDirectoryWatcher: A directory notification for 'C:/Users/Ryan Sobczak/Desktop/godTraffic/prototype/Content/Developers/RyanSobczak/Collections/' was aborted.
[2017.02.04-02.07.30:080][852]LogDirectoryWatcher: A directory notification for 'C:/Users/Ryan Sobczak/Desktop/godTraffic/prototype/Saved/Collections/' was aborted.
[2017.02.04-02.07.30:080][852]LogModuleManager: Shutting down and abandoning module StatsViewer (225)
[2017.02.04-02.07.30:081][852]LogModuleManager: Shutting down and abandoning module FoliageEdit (224)
[2017.02.04-02.07.30:081][852]LogModuleManager: Shutting down and abandoning module LandscapeEditor (223)
[2017.02.04-02.07.30:093][852]LogModuleManager: Shutting down and abandoning module SceneDepthPickerMode (222)
[2017.02.04-02.07.30:093][852]LogModuleManager: Shutting down and abandoning module ActorPickerMode (221)
[2017.02.04-02.07.30:093][852]LogModuleManager: Shutting down and abandoning module GeometryMode (220)
[2017.02.04-02.07.30:093][852]LogModuleManager: Shutting down and abandoning module TextureAlignMode (219)
[2017.02.04-02.07.30:093][852]LogModuleManager: Shutting down and abandoning module BspMode (218)
[2017.02.04-02.07.30:094][852]LogModuleManager: Shutting down and abandoning module HardwareSurvey (217)
[2017.02.04-02.07.30:110][852]LogModuleManager: Shutting down and abandoning module SequenceRecorderSections (216)
[2017.02.04-02.07.30:110][852]LogModuleManager: Shutting down and abandoning module SequenceRecorder (215)
[2017.02.04-02.07.30:110][852]LogModuleManager: Shutting down and abandoning module AutomationWorker (214)
[2017.02.04-02.07.30:123][852]LogModuleManager: Shutting down and abandoning module MatineeToLevelSequence (213)
[2017.02.04-02.07.30:123][852]LogModuleManager: Shutting down and abandoning module PlacementMode (212)
[2017.02.04-02.07.30:135][852]LogModuleManager: Shutting down and abandoning module LevelSequenceEditor (211)
[2017.02.04-02.07.30:156][852]LogModuleManager: Shutting down and abandoning module WmfMediaFactory (210)
[2017.02.04-02.07.30:156][852]LogModuleManager: Shutting down and abandoning module WmfMediaEditor (209)
[2017.02.04-02.07.30:156][852]LogModuleManager: Shutting down and abandoning module AvfMediaFactory (208)
[2017.02.04-02.07.30:156][852]LogModuleManager: Shutting down and abandoning module AvfMediaEditor (207)
[2017.02.04-02.07.30:156][852]LogModuleManager: Shutting down and abandoning module Media (206)
[2017.02.04-02.07.30:156][852]LogModuleManager: Shutting down and abandoning module AndroidMediaFactory (205)
[2017.02.04-02.07.30:156][852]LogModuleManager: Shutting down and abandoning module AndroidMediaEditor (204)
[2017.02.04-02.07.30:156][852]LogModuleManager: Shutting down and abandoning module CharacterAI (203)
[2017.02.04-02.07.30:156][852]LogModuleManager: Shutting down and abandoning module SmartSnapping (202)
[2017.02.04-02.07.30:156][852]LogModuleManager: Shutting down and abandoning module SessionServices (201)
[2017.02.04-02.07.30:156][852]LogModuleManager: Shutting down and abandoning module ViewportSnapping (200)
[2017.02.04-02.07.30:156][852]LogModuleManager: Shutting down and abandoning module ViewportInteraction (199)
[2017.02.04-02.07.30:156][852]LogModuleManager: Shutting down and abandoning module LogVisualizer (198)
[2017.02.04-02.07.30:157][852]LogModuleManager: Shutting down and abandoning module GameProjectGeneration (197)
[2017.02.04-02.07.30:179][852]LogModuleManager: Shutting down and abandoning module IntroTutorials (196)
[2017.02.04-02.07.30:194][852]LogModuleManager: Shutting down and abandoning module EditorLiveStreaming (195)
[2017.02.04-02.07.30:194][852]LogModuleManager: Shutting down and abandoning module IOSPlatformEditor (194)
[2017.02.04-02.07.30:195][852]LogModuleManager: Shutting down and abandoning module HTML5PlatformEditor (193)
[2017.02.04-02.07.30:195][852]LogModuleManager: Shutting down and abandoning module AndroidDeviceDetection (192)
[2017.02.04-02.07.31:076][852]LogModuleManager: Shutting down and abandoning module AndroidPlatformEditor (191)
[2017.02.04-02.07.31:101][852]LogModuleManager: Shutting down and abandoning module IOSRuntimeSettings (190)
[2017.02.04-02.07.31:101][852]LogModuleManager: Shutting down and abandoning module AndroidRuntimeSettings (189)
[2017.02.04-02.07.31:101][852]LogModuleManager: Shutting down and abandoning module NiagaraEditor (188)
[2017.02.04-02.07.31:121][852]LogModuleManager: Shutting down and abandoning module MergeActors (187)
[2017.02.04-02.07.31:125][852]LogModuleManager: Shutting down and abandoning module SizeMap (186)
[2017.02.04-02.07.31:139][852]LogModuleManager: Shutting down and abandoning module TreeMap (185)
[2017.02.04-02.07.31:159][852]LogModuleManager: Shutting down and abandoning module ReferenceViewer (184)
[2017.02.04-02.07.31:159][852]LogModuleManager: Shutting down and abandoning module LocalizationService (183)
[2017.02.04-02.07.31:164][852]LogModuleManager: Shutting down and abandoning module LocalizationDashboard (182)
[2017.02.04-02.07.31:172][852]LogModuleManager: Shutting down and abandoning module HardwareTargeting (181)
[2017.02.04-02.07.31:180][852]LogModuleManager: Shutting down and abandoning module DeviceProfileEditor (180)
[2017.02.04-02.07.31:204][852]LogModuleManager: Shutting down and abandoning module UndoHistory (179)
[2017.02.04-02.07.31:209][852]LogModuleManager: Shutting down and abandoning module UserFeedback (178)
[2017.02.04-02.07.31:209][852]LogModuleManager: Shutting down and abandoning module XmlParser (177)
[2017.02.04-02.07.31:218][852]LogModuleManager: Shutting down and abandoning module Blutility (176)
[2017.02.04-02.07.31:232][852]LogModuleManager: Shutting down and abandoning module ProjectTargetPlatformEditor (175)
[2017.02.04-02.07.31:233][852]LogModuleManager: Shutting down and abandoning module ProjectSettingsViewer (174)
[2017.02.04-02.07.31:233][852]LogModuleManager: Shutting down and abandoning module InputBindingEditor (173)
[2017.02.04-02.07.31:247][852]LogModuleManager: Shutting down and abandoning module EditorSettingsViewer (172)
[2017.02.04-02.07.31:247][852]LogModuleManager: Shutting down and abandoning module SettingsEditor (171)
[2017.02.04-02.07.31:259][852]LogModuleManager: Shutting down and abandoning module ProjectLauncher (170)
[2017.02.04-02.07.31:270][852]LogModuleManager: Shutting down and abandoning module SessionFrontend (169)
[2017.02.04-02.07.31:279][852]LogModuleManager: Shutting down and abandoning module ProfilerClient (168)
[2017.02.04-02.07.31:288][852]LogModuleManager: Shutting down and abandoning module TargetDeviceServices (167)
[2017.02.04-02.07.31:292][852]LogModuleManager: Shutting down and abandoning module DeviceManager (166)
[2017.02.04-02.07.31:345][852]LogModuleManager: Shutting down and abandoning module AutomationController (165)
[2017.02.04-02.07.31:352][852]LogModuleManager: Shutting down and abandoning module AutomationWindow (164)
[2017.02.04-02.07.31:375][852]LogModuleManager: Shutting down and abandoning module Layers (163)
[2017.02.04-02.07.31:397][852]LogModuleManager: Shutting down and abandoning module ComponentVisualizers (162)
[2017.02.04-02.07.31:397][852]LogModuleManager: Shutting down and abandoning module DetailCustomizations (161)
[2017.02.04-02.07.31:409][852]LogModuleManager: Shutting down and abandoning module PackagesDialog (160)
[2017.02.04-02.07.31:409][852]LogModuleManager: Shutting down and abandoning module AnimGraph (159)
[2017.02.04-02.07.31:409][852]LogModuleManager: Shutting down and abandoning module Persona (158)
[2017.02.04-02.07.31:448][852]LogModuleManager: Shutting down and abandoning module Kismet (157)
[2017.02.04-02.07.31:468][852]LogModuleManager: Shutting down and abandoning module GraphEditor (156)
[2017.02.04-02.07.31:468][852]LogModuleManager: Shutting down and abandoning module ClassViewer (155)
[2017.02.04-02.07.31:476][852]LogModuleManager: Shutting down and abandoning module Toolbox (154)
[2017.02.04-02.07.31:481][852]LogModuleManager: Shutting down and abandoning module ModuleUI (153)
[2017.02.04-02.07.31:492][852]LogModuleManager: Shutting down and abandoning module MovieSceneTools (152)
[2017.02.04-02.07.31:507][852]LogModuleManager: Shutting down and abandoning module OutputLog (151)
[2017.02.04-02.07.31:511][852]LogModuleManager: Shutting down and abandoning module GammaUI (150)
[2017.02.04-02.07.31:515][852]LogModuleManager: Shutting down and abandoning module Documentation (149)
[2017.02.04-02.07.31:515][852]LogModuleManager: Shutting down and abandoning module Niagara (148)
[2017.02.04-02.07.31:522][852]LogModuleManager: Shutting down and abandoning module StreamingPauseRendering (147)
[2017.02.04-02.07.31:522][852]LogModuleManager: Shutting down and abandoning module AnalyticsET (146)
[2017.02.04-02.07.31:522][852]LogModuleManager: Shutting down and abandoning module PortalServices (145)
[2017.02.04-02.07.31:522][852]LogModuleManager: Shutting down and abandoning module PortalRpc (144)
[2017.02.04-02.07.31:522][852]LogModuleManager: Shutting down and abandoning module MessagingRpc (143)
[2017.02.04-02.07.31:522][852]LogModuleManager: Shutting down and abandoning module GameplayDebugger (142)
[2017.02.04-02.07.31:527][852]LogModuleManager: Shutting down and abandoning module AITestSuite (141)
[2017.02.04-02.07.31:536][852]LogModuleManager: Shutting down and abandoning module AIModule (140)
[2017.02.04-02.07.31:540][852]LogModuleManager: Shutting down and abandoning module ProfilerService (139)
[2017.02.04-02.07.31:674][852]LogModuleManager: Shutting down and abandoning module TaskGraph (138)
[2017.02.04-02.07.31:682][852]LogModuleManager: Shutting down and abandoning module SlateRemote (137)
[2017.02.04-02.07.31:682][852]LogModuleManager: Shutting down and abandoning module SteamVRController (136)
[2017.02.04-02.07.31:682][852]LogModuleManager: Shutting down and abandoning module SteamVR (135)
[2017.02.04-02.07.31:682][852]LogModuleManager: Shutting down and abandoning module ProceduralMeshComponentEditor (134)
[2017.02.04-02.07.31:697][852]LogModuleManager: Shutting down and abandoning module ProceduralMeshComponent (133)
[2017.02.04-02.07.31:697][852]LogModuleManager: Shutting down and abandoning module OculusLibrary (132)
[2017.02.04-02.07.31:697][852]LogModuleManager: Shutting down and abandoning module OculusInput (131)
[2017.02.04-02.07.31:697][852]LogModuleManager: Shutting down and abandoning module CustomMeshComponent (130)
[2017.02.04-02.07.31:697][852]LogModuleManager: Shutting down and abandoning module CableComponent (129)
[2017.02.04-02.07.31:697][852]LogModuleManager: Shutting down and abandoning module ArchVisCharacter (128)
[2017.02.04-02.07.31:697][852]LogModuleManager: Shutting down and abandoning module MediaPlayerEditor (126)
[2017.02.04-02.07.31:733][852]LogModuleManager: Shutting down and abandoning module HTML5Networking (125)
[2017.02.04-02.07.31:734][852]LogModuleManager: Shutting down and abandoning module GeometryCacheEd (124)
[2017.02.04-02.07.31:734][852]LogModuleManager: Shutting down and abandoning module GeometryCache (123)
[2017.02.04-02.07.31:734][852]LogModuleManager: Shutting down and abandoning module AlembicLibrary (122)
[2017.02.04-02.07.31:734][852]LogModuleManager: Shutting down and abandoning module AlembicImporter (121)
[2017.02.04-02.07.31:742][852]LogModuleManager: Shutting down and abandoning module SuperSearch (120)
[2017.02.04-02.07.31:742][852]LogModuleManager: Shutting down and abandoning module SuperSearchEditor (119)
[2017.02.04-02.07.31:742][852]LogModuleManager: Shutting down and abandoning module SpeedTreeImporter (118)
[2017.02.04-02.07.31:742][852]LogModuleManager: Shutting down and abandoning module PluginBrowser (117)
[2017.02.04-02.07.31:749][852]LogModuleManager: Shutting down and abandoning module MobileLauncherProfileWizard (116)
[2017.02.04-02.07.31:757][852]LogModuleManager: Shutting down and abandoning module EpicSurvey (115)
[2017.02.04-02.07.31:762][852]LogModuleManager: Shutting down and abandoning module DesktopPlatform (114)
[2017.02.04-02.07.31:769][852]LogModuleManager: Shutting down and abandoning module VisualStudioSourceCodeAccess (113)
[2017.02.04-02.07.31:774][852]LogModuleManager: Shutting down and abandoning module UObjectPlugin (112)
[2017.02.04-02.07.31:774][852]LogModuleManager: Shutting down and abandoning module SubversionSourceControl (111)
[2017.02.04-02.07.31:777][852]LogModuleManager: Shutting down and abandoning module PerforceSourceControl (110)
[2017.02.04-02.07.31:785][852]LogModuleManager: Shutting down and abandoning module SourceControl (109)
[2017.02.04-02.07.31:795][852]LogModuleManager: Shutting down and abandoning module GitSourceControl (108)
[2017.02.04-02.07.31:804][852]LogModuleManager: Shutting down and abandoning module LightPropagationVolumeEditor (107)
[2017.02.04-02.07.31:804][852]LogModuleManager: Shutting down and abandoning module PaperTiledImporter (106)
[2017.02.04-02.07.31:807][852]LogModuleManager: Shutting down and abandoning module PaperSpriteSheetImporter (105)
[2017.02.04-02.07.31:807][852]LogModuleManager: Shutting down and abandoning module MeshPaint (104)
[2017.02.04-02.07.31:807][852]LogModuleManager: Shutting down and abandoning module FbxAutomationBuilderModule (103)
[2017.02.04-02.07.31:818][852]LogModuleManager: Shutting down and abandoning module PixelInspectorModule (102)
[2017.02.04-02.07.31:830][852]LogModuleManager: Shutting down and abandoning module HotReload (101)
[2017.02.04-02.07.31:841][852]LogModuleManager: Shutting down and abandoning module MainFrame (100)
[2017.02.04-02.07.31:841][852]LogModuleManager: Shutting down and abandoning module LevelEditor (99)
[2017.02.04-02.07.31:843][852]LogModuleManager: Shutting down and abandoning module ContentBrowser (98)
[2017.02.04-02.07.31:846][852]LogModuleManager: Shutting down and abandoning module Paper2DEditor (97)
[2017.02.04-02.07.31:865][852]LogModuleManager: Shutting down and abandoning module UdpMessaging (96)
[2017.02.04-02.07.31:966][852]LogModuleManager: Shutting down and abandoning module TcpMessaging (95)
[2017.02.04-02.07.32:089][852]LogModuleManager: Shutting down and abandoning module LightPropagationVolumeRuntime (94)
[2017.02.04-02.07.32:090][852]LogModuleManager: Shutting down and abandoning module Paper2D (93)
[2017.02.04-02.07.32:092][852]LogModuleManager: Shutting down and abandoning module WindowsMoviePlayer (92)
[2017.02.04-02.07.32:095][852]LogModuleManager: Shutting down and abandoning module WmfMedia (91)
[2017.02.04-02.07.32:104][852]LogModuleManager: Shutting down and abandoning module MediaAssets (90)
[2017.02.04-02.07.32:104][852]LogModuleManager: Shutting down and abandoning module GameLiveStreaming (89)
[2017.02.04-02.07.32:113][852]LogModuleManager: Shutting down and abandoning module GameplayTagsEditor (88)
[2017.02.04-02.07.32:116][852]LogModuleManager: Shutting down and abandoning module VREditor (87)
[2017.02.04-02.07.32:116][852]LogModuleManager: Shutting down and abandoning module GameplayTasksEditor (86)
[2017.02.04-02.07.32:116][852]LogModuleManager: Shutting down and abandoning module PropertyEditor (85)
[2017.02.04-02.07.32:116][852]LogModuleManager: Shutting down and abandoning module BehaviorTreeEditor (84)
[2017.02.04-02.07.32:150][852]LogModuleManager: Shutting down and abandoning module FunctionalTesting (83)
[2017.02.04-02.07.32:150][852]LogModuleManager: Shutting down and abandoning module CollisionAnalyzer (82)
[2017.02.04-02.07.32:158][852]LogModuleManager: Shutting down and abandoning module Sequencer (81)
[2017.02.04-02.07.32:184][852]LogModuleManager: Shutting down and abandoning module WorkspaceMenuStructure (80)
[2017.02.04-02.07.32:184][852]LogModuleManager: Shutting down and abandoning module MessageLog (79)
[2017.02.04-02.07.32:184][852]LogModuleManager: Shutting down and abandoning module AssetTools (78)
[2017.02.04-02.07.32:196][852]LogModuleManager: Shutting down and abandoning module UMGEditor (77)
[2017.02.04-02.07.32:225][852]LogModuleManager: Shutting down and abandoning module UMG (76)
[2017.02.04-02.07.32:238][852]LogModuleManager: Shutting down and abandoning module SlateReflector (75)
[2017.02.04-02.07.32:256][852]LogModuleManager: Shutting down and abandoning module Slate (74)
[2017.02.04-02.07.32:257][852]LogModuleManager: Shutting down and abandoning module EditorStyle (73)
[2017.02.04-02.07.32:270][852]LogModuleManager: Shutting down and abandoning module SourceCodeAccess (72)
[2017.02.04-02.07.32:271][852]LogModuleManager: Shutting down and abandoning module HeadMountedDisplay (71)
[2017.02.04-02.07.32:271][852]LogModuleManager: Shutting down and abandoning module XAudio2 (70)
[2017.02.04-02.07.32:271][852]LogModuleManager: Shutting down and abandoning module Networking (68)
[2017.02.04-02.07.32:271][852]LogModuleManager: Shutting down and abandoning module Core (67)
[2017.02.04-02.07.32:271][852]LogModuleManager: Shutting down and abandoning module DirectoryWatcher (66)
[2017.02.04-02.07.32:271][852]LogDirectoryWatcher: A directory notification for '../../../Engine/Content/' was aborted.
[2017.02.04-02.07.32:272][852]LogDirectoryWatcher: A directory notification for '../../../../../../Users/Ryan Sobczak/Desktop/godTraffic/prototype/Content/' was aborted.
[2017.02.04-02.07.32:272][852]LogDirectoryWatcher: A directory notification for '../../../Engine/Plugins/2D/Paper2D/Content/' was aborted.
[2017.02.04-02.07.32:274][852]LogModuleManager: Shutting down and abandoning module AssetRegistry (65)
[2017.02.04-02.07.32:387][852]LogModuleManager: Shutting down and abandoning module KismetCompiler (64)
[2017.02.04-02.07.32:387][852]LogModuleManager: Shutting down and abandoning module PhysXFormats (63)
[2017.02.04-02.07.32:387][852]LogModuleManager: Shutting down and abandoning module MeshUtilities (62)
[2017.02.04-02.07.32:399][852]LogModuleManager: Shutting down and abandoning module DerivedDataCache (61)
[2017.02.04-02.07.32:430][852]LogDerivedDataCache: Shutdown
[2017.02.04-02.07.32:431][852]LogModuleManager: Shutting down and abandoning module VulkanShaderFormat (60)
[2017.02.04-02.07.32:438][852]LogModuleManager: Shutting down and abandoning module ShaderFormatOpenGL (59)
[2017.02.04-02.07.32:468][852]LogModuleManager: Shutting down and abandoning module ShaderFormatD3D (58)
[2017.02.04-02.07.32:468][852]LogModuleManager: Shutting down and abandoning module MetalShaderFormat (57)
[2017.02.04-02.07.32:493][852]LogModuleManager: Shutting down and abandoning module TextureFormatUncompressed (56)
[2017.02.04-02.07.32:493][852]LogModuleManager: Shutting down and abandoning module TextureFormatPVR (55)
[2017.02.04-02.07.32:493][852]LogModuleManager: Shutting down and abandoning module TextureFormatDXT (54)
[2017.02.04-02.07.32:493][852]LogModuleManager: Shutting down and abandoning module TextureFormatIntelISPCTexComp (53)
[2017.02.04-02.07.32:496][852]LogModuleManager: Shutting down and abandoning module ImageWrapper (52)
[2017.02.04-02.07.32:496][852]LogModuleManager: Shutting down and abandoning module TextureFormatASTC (51)
[2017.02.04-02.07.32:496][852]LogModuleManager: Shutting down and abandoning module TextureFormatAndroid (50)
[2017.02.04-02.07.32:496][852]LogModuleManager: Shutting down and abandoning module AudioFormatOpus (49)
[2017.02.04-02.07.32:509][852]LogModuleManager: Shutting down and abandoning module AudioFormatOgg (48)
[2017.02.04-02.07.32:509][852]LogModuleManager: Shutting down and abandoning module AudioFormatADPCM (47)
[2017.02.04-02.07.32:509][852]LogModuleManager: Shutting down and abandoning module LinuxTargetPlatform (46)
[2017.02.04-02.07.32:509][852]LogModuleManager: Shutting down and abandoning module LinuxServerTargetPlatform (45)
[2017.02.04-02.07.32:509][852]LogModuleManager: Shutting down and abandoning module LinuxNoEditorTargetPlatform (44)
[2017.02.04-02.07.32:524][852]LogModuleManager: Shutting down and abandoning module LinuxClientTargetPlatform (43)
[2017.02.04-02.07.32:524][852]LogModuleManager: Shutting down and abandoning module TVOSTargetPlatform (42)
[2017.02.04-02.07.32:524][852]LogModuleManager: Shutting down and abandoning module Messaging (41)
[2017.02.04-02.07.32:524][852]LogModuleManager: Shutting down and abandoning module IOSTargetPlatform (40)
[2017.02.04-02.07.32:524][852]LogModuleManager: Shutting down and abandoning module HTML5TargetPlatform (39)
[2017.02.04-02.07.32:524][852]LogModuleManager: Shutting down and abandoning module Android_PVRTCTargetPlatform (38)
[2017.02.04-02.07.32:524][852]LogModuleManager: Shutting down and abandoning module Android_MultiTargetPlatform (37)
[2017.02.04-02.07.32:524][852]LogModuleManager: Shutting down and abandoning module Android_ETC2TargetPlatform (36)
[2017.02.04-02.07.32:524][852]LogModuleManager: Shutting down and abandoning module Android_ETC1TargetPlatform (35)
[2017.02.04-02.07.32:524][852]LogModuleManager: Shutting down and abandoning module Android_DXTTargetPlatform (34)
[2017.02.04-02.07.32:524][852]LogModuleManager: Shutting down and abandoning module Android_ATCTargetPlatform (33)
[2017.02.04-02.07.32:524][852]LogModuleManager: Shutting down and abandoning module Android_ASTCTargetPlatform (32)
[2017.02.04-02.07.32:524][852]LogModuleManager: Shutting down and abandoning module AndroidTargetPlatform (31)
[2017.02.04-02.07.32:524][852]LogModuleManager: Shutting down and abandoning module WindowsTargetPlatform (30)
[2017.02.04-02.07.32:524][852]LogModuleManager: Shutting down and abandoning module WindowsServerTargetPlatform (29)
[2017.02.04-02.07.32:524][852]LogModuleManager: Shutting down and abandoning module WindowsNoEditorTargetPlatform (28)
[2017.02.04-02.07.32:524][852]LogModuleManager: Shutting down and abandoning module WindowsClientTargetPlatform (27)
[2017.02.04-02.07.32:524][852]LogModuleManager: Shutting down and abandoning module AllDesktopTargetPlatform (26)
[2017.02.04-02.07.32:524][852]LogModuleManager: Shutting down and abandoning module TargetPlatform (25)
[2017.02.04-02.07.32:524][852]LogModuleManager: Shutting down and abandoning module InputCore (24)
[2017.02.04-02.07.32:524][852]LogModuleManager: Shutting down and abandoning module Settings (23)
[2017.02.04-02.07.32:524][852]LogModuleManager: Shutting down and abandoning module OculusRift (22)
[2017.02.04-02.07.32:533][852]LogModuleManager: Shutting down and abandoning module GearVR (21)
[2017.02.04-02.07.32:533][852]LogModuleManager: Shutting down and abandoning module ExampleDeviceProfileSelector (20)
[2017.02.04-02.07.32:533][852]LogModuleManager: Shutting down and abandoning module OnlineBlueprintSupport (19)
[2017.02.04-02.07.32:533][852]LogModuleManager: Shutting down and abandoning module OnlineSubsystem (17)
[2017.02.04-02.07.32:543][852]LogOnline:Display: Unloading online subsystem: NULL
[2017.02.04-02.07.32:575][852]LogModuleManager: Shutting down and abandoning module HTTP (16)
[2017.02.04-02.07.32:575][852]LogHttp:Display: Http module shutting down, but needs to wait on 1 outstanding Http requests:
[2017.02.04-02.07.32:575][852]LogHttp:Display: 	verb=[POST] url=[https://datarouter.ol.epicgames.com/datarouter/api/v1/public/data?SessionID=%7BE5CED1FF-4BAF-33AE-7AD6-5E89CA0395E0%7D&AppID=UEEditor.Rocket.Release&AppVersion=4.13.2-3172292%2B%2B%2BUE4%2BRelease-4.13&UserID=35c97e264dc14bb2304ffc82fab700d4%7C6e1620a795d143ed9e7e90917b56ad64%7C3518f840-69c1-4f2d-94a5-f676dbe3b2c8&AppEnvironment=datacollector-binary&UploadType=eteventstream] status=Processing
[2017.02.04-02.07.32:607][852]LogModuleManager: Shutting down and abandoning module XMPP (15)
[2017.02.04-02.07.32:627][852]LogModuleManager: Shutting down and abandoning module TextureCompressor (14)
[2017.02.04-02.07.32:632][852]LogModuleManager: Shutting down and abandoning module ShaderCore (13)
[2017.02.04-02.07.32:632][852]LogModuleManager: Shutting down and abandoning module Landscape (12)
[2017.02.04-02.07.32:632][852]LogModuleManager: Shutting down and abandoning module SlateRHIRenderer (11)
[2017.02.04-02.07.32:645][852]LogModuleManager: Shutting down and abandoning module OpenGLDrv (10)
[2017.02.04-02.07.32:649][852]LogModuleManager: Shutting down and abandoning module D3D11RHI (9)
[2017.02.04-02.07.32:649][852]LogModuleManager: Shutting down and abandoning module AnimGraphRuntime (8)
[2017.02.04-02.07.32:649][852]LogModuleManager: Shutting down and abandoning module Renderer (7)
[2017.02.04-02.07.32:649][852]LogModuleManager: Shutting down and abandoning module Engine (6)
[2017.02.04-02.07.32:649][852]LogModuleManager: Shutting down and abandoning module CoreUObject (5)
[2017.02.04-02.07.32:649][852]LogModuleManager: Shutting down and abandoning module NetworkFile (4)
[2017.02.04-02.07.32:668][852]LogModuleManager: Shutting down and abandoning module StreamingFile (3)
[2017.02.04-02.07.32:668][852]LogModuleManager: Shutting down and abandoning module SandboxFile (2)
[2017.02.04-02.07.32:668][852]LogModuleManager: Shutting down and abandoning module PakFile (1)
[2017.02.04-02.07.32:697][852]LogExit: Exiting.
[2017.02.04-02.07.32:699][852]Log file closed, 02/03/17 21:07:32
